<?xml version="1.0" encoding="UTF-8"?>
<testng-results skipped="7" failed="8" total="114" passed="99">
  <reporter-output>
  </reporter-output>
  <suite name="optionalAssignment" duration-ms="6030383" started-at="2017-05-16T06:12:33Z" finished-at="2017-05-16T07:53:04Z">
    <groups>
    </groups>
    <test name="inputpath" duration-ms="25" started-at="2017-05-16T06:12:33Z" finished-at="2017-05-16T06:12:33Z">
      <class name="Data.Read_Data">
        <test-method status="PASS" signature="SetINputDatapath(java.lang.String)[pri:0, instance:Data.Read_Data@f5f2bb7]" name="SetINputDatapath" duration-ms="5" started-at="2017-05-16T11:42:33Z" finished-at="2017-05-16T11:42:33Z">
          <params>
            <param index="0">
              <value>
                <![CDATA[Flavour 7-8]]>
              </value>
            </param>
          </params>
          <reporter-output>
          </reporter-output>
        </test-method> <!-- SetINputDatapath -->
      </class> <!-- Data.Read_Data -->
    </test> <!-- inputpath -->
    <test name="LaunchAppForsetPolicy" duration-ms="9390" started-at="2017-05-16T06:12:33Z" finished-at="2017-05-16T06:12:43Z">
      <class name="Common.LaunchApp">
        <test-method status="PASS" signature="Execute(java.lang.String)[pri:0, instance:Common.LaunchApp@721e0f4f]" name="Execute" duration-ms="9388" started-at="2017-05-16T11:42:33Z" finished-at="2017-05-16T11:42:43Z">
          <params>
            <param index="0">
              <value>
                <![CDATA[http://testing.inpods.com:88/]]>
              </value>
            </param>
          </params>
          <reporter-output>
          </reporter-output>
        </test-method> <!-- Execute -->
      </class> <!-- Common.LaunchApp -->
    </test> <!-- LaunchAppForsetPolicy -->
    <test name="Set policy_Login1" duration-ms="13592" started-at="2017-05-16T06:12:43Z" finished-at="2017-05-16T06:12:56Z">
      <class name="Common.Login">
        <test-method status="PASS" signature="LoginD(java.lang.String, java.lang.String)[pri:0, instance:Common.Login@6e3c1e69]" name="LoginD" duration-ms="13591" started-at="2017-05-16T11:42:43Z" finished-at="2017-05-16T11:42:56Z">
          <params>
            <param index="0">
              <value>
                <![CDATA[inpodssa@sar.com]]>
              </value>
            </param>
            <param index="1">
              <value>
                <![CDATA[techone]]>
              </value>
            </param>
          </params>
          <reporter-output>
          </reporter-output>
        </test-method> <!-- LoginD -->
      </class> <!-- Common.Login -->
    </test> <!-- Set policy_Login1 -->
    <test name="Set policy_Select Section" duration-ms="13803" started-at="2017-05-16T06:12:56Z" finished-at="2017-05-16T06:13:10Z">
      <class name="Tech.TechChangeSection">
        <test-method status="SKIP" signature="TechChangeSection(java.lang.String, java.lang.String, java.lang.String)[pri:0, instance:Tech.TechChangeSection@256216b3]" name="TechChangeSection" duration-ms="0" started-at="2017-05-16T11:42:56Z" finished-at="2017-05-16T11:42:56Z">
          <exception class="org.testng.TestNGException">
            <message>
              <![CDATA[
Parameter 'TestData' is required by @Test on method TechChangeSection but has not been marked @Optional or defined
in D:\Xml_to_Run\AssignmentOptional.xml]]>
            </message>
            <full-stacktrace>
              <![CDATA[org.testng.TestNGException: 
Parameter 'TestData' is required by @Test on method TechChangeSection but has not been marked @Optional or defined
in D:\Xml_to_Run\AssignmentOptional.xml
	at org.testng.internal.Parameters.createParameters(Parameters.java:154)
	at org.testng.internal.Parameters.createParameters(Parameters.java:361)
	at org.testng.internal.Parameters.handleParameters(Parameters.java:451)
	at org.testng.internal.Invoker.handleParameters(Invoker.java:1243)
	at org.testng.internal.Invoker.createParameters(Invoker.java:992)
	at org.testng.internal.Invoker.invokeTestMethods(Invoker.java:1082)
	at org.testng.internal.TestMethodWorker.invokeTestMethods(TestMethodWorker.java:129)
	at org.testng.internal.TestMethodWorker.run(TestMethodWorker.java:112)
	at java.util.concurrent.ThreadPoolExecutor.runWorker(Unknown Source)
	at java.util.concurrent.ThreadPoolExecutor$Worker.run(Unknown Source)
	at java.lang.Thread.run(Unknown Source)
]]>
            </full-stacktrace>
          </exception> <!-- org.testng.TestNGException -->
          <reporter-output>
          </reporter-output>
        </test-method> <!-- TechChangeSection -->
        <test-method status="PASS" signature="TechChangeSectionById(java.lang.String)[pri:0, instance:Tech.TechChangeSection@256216b3]" name="TechChangeSectionById" duration-ms="13778" started-at="2017-05-16T11:42:56Z" finished-at="2017-05-16T11:43:10Z">
          <params>
            <param index="0">
              <value>
                <![CDATA[1]]>
              </value>
            </param>
          </params>
          <reporter-output>
          </reporter-output>
        </test-method> <!-- TechChangeSectionById -->
      </class> <!-- Tech.TechChangeSection -->
    </test> <!-- Set policy_Select Section -->
    <test name="Change Policy IsNotAttempted" duration-ms="38359" started-at="2017-05-16T06:13:10Z" finished-at="2017-05-16T06:13:49Z">
      <class name="Tech.ChangePolicy">
        <test-method status="PASS" signature="ChangePolicyByName(java.lang.String, java.lang.String)[pri:0, instance:Tech.ChangePolicy@ea4a92b]" name="ChangePolicyByName" duration-ms="38355" started-at="2017-05-16T11:43:10Z" finished-at="2017-05-16T11:43:49Z">
          <params>
            <param index="0">
              <value>
                <![CDATA[ValidationOnOptionalQuestion]]>
              </value>
            </param>
            <param index="1">
              <value>
                <![CDATA[False]]>
              </value>
            </param>
          </params>
          <reporter-output>
          </reporter-output>
        </test-method> <!-- ChangePolicyByName -->
      </class> <!-- Tech.ChangePolicy -->
    </test> <!-- Change Policy IsNotAttempted -->
    <test name="LaunchApp" duration-ms="4185" started-at="2017-05-16T06:13:49Z" finished-at="2017-05-16T06:13:53Z">
      <class name="Common.LaunchApp">
        <test-method status="PASS" signature="Execute(java.lang.String)[pri:0, instance:Common.LaunchApp@4563e9ab]" name="Execute" duration-ms="4184" started-at="2017-05-16T11:43:49Z" finished-at="2017-05-16T11:43:53Z">
          <params>
            <param index="0">
              <value>
                <![CDATA[http://localhost/]]>
              </value>
            </param>
          </params>
          <reporter-output>
          </reporter-output>
        </test-method> <!-- Execute -->
      </class> <!-- Common.LaunchApp -->
    </test> <!-- LaunchApp -->
    <test name="Login" duration-ms="14069" started-at="2017-05-16T06:13:53Z" finished-at="2017-05-16T06:14:07Z">
      <class name="Common.Login">
        <test-method status="PASS" signature="LoginD(java.lang.String, java.lang.String)[pri:0, instance:Common.Login@66d33a]" name="LoginD" duration-ms="14066" started-at="2017-05-16T11:43:53Z" finished-at="2017-05-16T11:44:07Z">
          <params>
            <param index="0">
              <value>
                <![CDATA[maym@inpods.com]]>
              </value>
            </param>
            <param index="1">
              <value>
                <![CDATA[password]]>
              </value>
            </param>
          </params>
          <reporter-output>
          </reporter-output>
        </test-method> <!-- LoginD -->
      </class> <!-- Common.Login -->
    </test> <!-- Login -->
    <test name="Change Section" duration-ms="27459" started-at="2017-05-16T06:14:07Z" finished-at="2017-05-16T06:14:34Z">
      <class name="Common.ChangeSection">
        <test-method status="PASS" signature="selectSection(java.lang.String)[pri:0, instance:Common.ChangeSection@7dc36524]" name="selectSection" duration-ms="26055" started-at="2017-05-16T11:44:07Z" finished-at="2017-05-16T11:44:33Z">
          <params>
            <param index="0">
              <value>
                <![CDATA[AutoTestingMM]]>
              </value>
            </param>
          </params>
          <reporter-output>
          </reporter-output>
        </test-method> <!-- selectSection -->
      </class> <!-- Common.ChangeSection -->
      <class name="Com.Ojo.ReadJsonObject">
        <test-method status="PASS" signature="aptTesting()[pri:0, instance:Com.Ojo.ReadJsonObject@35bbe5e8]" name="aptTesting" duration-ms="1400" started-at="2017-05-16T11:44:33Z" finished-at="2017-05-16T11:44:34Z">
          <reporter-output>
          </reporter-output>
        </test-method> <!-- aptTesting -->
      </class> <!-- Com.Ojo.ReadJsonObject -->
    </test> <!-- Change Section -->
    <test name="OptAssignment2" duration-ms="1466510" started-at="2017-05-16T06:14:34Z" finished-at="2017-05-16T06:39:01Z">
      <class name="Common.ChangeSection">
        <test-method status="PASS" signature="selectSection(java.lang.String)[pri:0, instance:Common.ChangeSection@1b0375b3]" name="selectSection" duration-ms="26713" started-at="2017-05-16T11:44:34Z" finished-at="2017-05-16T11:45:01Z">
          <params>
            <param index="0">
              <value>
                <![CDATA[AutoTestingMM]]>
              </value>
            </param>
          </params>
          <reporter-output>
          </reporter-output>
        </test-method> <!-- selectSection -->
      </class> <!-- Common.ChangeSection -->
      <class name="Teacher.CreateOptionalAssignment">
        <test-method status="PASS" signature="exicute(java.lang.String, java.lang.String)[pri:0, instance:Teacher.CreateOptionalAssignment@2f7c7260]" name="exicute" duration-ms="1439795" started-at="2017-05-16T11:45:01Z" finished-at="2017-05-16T12:09:01Z">
          <params>
            <param index="0">
              <value>
                <![CDATA[OptionalQuestionAssignment.csv]]>
              </value>
            </param>
            <param index="1">
              <value>
                <![CDATA[OptAssignment2]]>
              </value>
            </param>
          </params>
          <reporter-output>
          </reporter-output>
        </test-method> <!-- exicute -->
      </class> <!-- Teacher.CreateOptionalAssignment -->
    </test> <!-- OptAssignment2 -->
    <test name="2outof5(Group)" duration-ms="262508" started-at="2017-05-16T06:39:01Z" finished-at="2017-05-16T06:43:23Z">
      <class name="Common.ChangeSection">
        <test-method status="PASS" signature="selectSection(java.lang.String)[pri:0, instance:Common.ChangeSection@1cd072a9]" name="selectSection" duration-ms="37732" started-at="2017-05-16T12:09:01Z" finished-at="2017-05-16T12:09:39Z">
          <params>
            <param index="0">
              <value>
                <![CDATA[Lab1_AutoTestingMM]]>
              </value>
            </param>
          </params>
          <reporter-output>
          </reporter-output>
        </test-method> <!-- selectSection -->
      </class> <!-- Common.ChangeSection -->
      <class name="Teacher.CreateOptionalAssignment">
        <test-method status="PASS" signature="exicute(java.lang.String, java.lang.String)[pri:0, instance:Teacher.CreateOptionalAssignment@7c75222b]" name="exicute" duration-ms="224771" started-at="2017-05-16T12:09:39Z" finished-at="2017-05-16T12:13:23Z">
          <params>
            <param index="0">
              <value>
                <![CDATA[OptionalQuestionAssignment.csv]]>
              </value>
            </param>
            <param index="1">
              <value>
                <![CDATA[2outof5(Group)]]>
              </value>
            </param>
          </params>
          <reporter-output>
          </reporter-output>
        </test-method> <!-- exicute -->
      </class> <!-- Teacher.CreateOptionalAssignment -->
    </test> <!-- 2outof5(Group) -->
    <test name="Set1OrSet2Set3Comp" duration-ms="620697" started-at="2017-05-16T06:43:23Z" finished-at="2017-05-16T06:53:44Z">
      <class name="Common.ChangeSection">
        <test-method status="PASS" signature="selectSection(java.lang.String)[pri:0, instance:Common.ChangeSection@7c30a502]" name="selectSection" duration-ms="26879" started-at="2017-05-16T12:13:23Z" finished-at="2017-05-16T12:13:50Z">
          <params>
            <param index="0">
              <value>
                <![CDATA[AutoTestingMM]]>
              </value>
            </param>
          </params>
          <reporter-output>
          </reporter-output>
        </test-method> <!-- selectSection -->
      </class> <!-- Common.ChangeSection -->
      <class name="Teacher.CreateOptionalAssignment">
        <test-method status="PASS" signature="exicute(java.lang.String, java.lang.String)[pri:0, instance:Teacher.CreateOptionalAssignment@49e4cb85]" name="exicute" duration-ms="593803" started-at="2017-05-16T12:13:50Z" finished-at="2017-05-16T12:23:44Z">
          <params>
            <param index="0">
              <value>
                <![CDATA[OptionalQuestionAssignment.csv]]>
              </value>
            </param>
            <param index="1">
              <value>
                <![CDATA[Set1OrSet2Set3Comp]]>
              </value>
            </param>
          </params>
          <reporter-output>
          </reporter-output>
        </test-method> <!-- exicute -->
      </class> <!-- Teacher.CreateOptionalAssignment -->
    </test> <!-- Set1OrSet2Set3Comp -->
    <test name="OptAssignment1" duration-ms="1495212" started-at="2017-05-16T06:53:44Z" finished-at="2017-05-16T07:18:39Z">
      <class name="Common.ChangeSection">
        <test-method status="PASS" signature="selectSection(java.lang.String)[pri:0, instance:Common.ChangeSection@3b6eb2ec]" name="selectSection" duration-ms="41518" started-at="2017-05-16T12:23:44Z" finished-at="2017-05-16T12:24:26Z">
          <params>
            <param index="0">
              <value>
                <![CDATA[Lab1_AutoTestingMM]]>
              </value>
            </param>
          </params>
          <reporter-output>
          </reporter-output>
        </test-method> <!-- selectSection -->
      </class> <!-- Common.ChangeSection -->
      <class name="Teacher.CreateOptionalAssignment">
        <test-method status="PASS" signature="exicute(java.lang.String, java.lang.String)[pri:0, instance:Teacher.CreateOptionalAssignment@1e643faf]" name="exicute" duration-ms="1453692" started-at="2017-05-16T12:24:26Z" finished-at="2017-05-16T12:48:39Z">
          <params>
            <param index="0">
              <value>
                <![CDATA[OptionalQuestionAssignment.csv]]>
              </value>
            </param>
            <param index="1">
              <value>
                <![CDATA[OptAssignment1]]>
              </value>
            </param>
          </params>
          <reporter-output>
          </reporter-output>
        </test-method> <!-- exicute -->
      </class> <!-- Teacher.CreateOptionalAssignment -->
    </test> <!-- OptAssignment1 -->
    <test name="Set1OptionalSet2Comp" duration-ms="466095" started-at="2017-05-16T07:18:39Z" finished-at="2017-05-16T07:26:25Z">
      <class name="Common.ChangeSection">
        <test-method status="PASS" signature="selectSection(java.lang.String)[pri:0, instance:Common.ChangeSection@3f3afe78]" name="selectSection" duration-ms="28454" started-at="2017-05-16T12:48:39Z" finished-at="2017-05-16T12:49:08Z">
          <params>
            <param index="0">
              <value>
                <![CDATA[AutoTestingMM]]>
              </value>
            </param>
          </params>
          <reporter-output>
          </reporter-output>
        </test-method> <!-- selectSection -->
      </class> <!-- Common.ChangeSection -->
      <class name="Teacher.CreateOptionalAssignment">
        <test-method status="PASS" signature="exicute(java.lang.String, java.lang.String)[pri:0, instance:Teacher.CreateOptionalAssignment@7f63425a]" name="exicute" duration-ms="437636" started-at="2017-05-16T12:49:08Z" finished-at="2017-05-16T12:56:25Z">
          <params>
            <param index="0">
              <value>
                <![CDATA[OptionalQuestionAssignment.csv]]>
              </value>
            </param>
            <param index="1">
              <value>
                <![CDATA[Set1OptionalSet2Comp]]>
              </value>
            </param>
          </params>
          <reporter-output>
          </reporter-output>
        </test-method> <!-- exicute -->
      </class> <!-- Teacher.CreateOptionalAssignment -->
    </test> <!-- Set1OptionalSet2Comp -->
    <test name="2outof5(WGroup)" duration-ms="231315" started-at="2017-05-16T07:26:25Z" finished-at="2017-05-16T07:30:17Z">
      <class name="Common.ChangeSection">
        <test-method status="PASS" signature="selectSection(java.lang.String)[pri:0, instance:Common.ChangeSection@5b464ce8]" name="selectSection" duration-ms="26871" started-at="2017-05-16T12:56:25Z" finished-at="2017-05-16T12:56:52Z">
          <params>
            <param index="0">
              <value>
                <![CDATA[AutoTestingMM]]>
              </value>
            </param>
          </params>
          <reporter-output>
          </reporter-output>
        </test-method> <!-- selectSection -->
      </class> <!-- Common.ChangeSection -->
      <class name="Teacher.CreateOptionalAssignment">
        <test-method status="PASS" signature="exicute(java.lang.String, java.lang.String)[pri:0, instance:Teacher.CreateOptionalAssignment@57829d67]" name="exicute" duration-ms="204442" started-at="2017-05-16T12:56:52Z" finished-at="2017-05-16T13:00:17Z">
          <params>
            <param index="0">
              <value>
                <![CDATA[OptionalQuestionAssignment.csv]]>
              </value>
            </param>
            <param index="1">
              <value>
                <![CDATA[2outof5(WGroup)]]>
              </value>
            </param>
          </params>
          <reporter-output>
          </reporter-output>
        </test-method> <!-- exicute -->
      </class> <!-- Teacher.CreateOptionalAssignment -->
    </test> <!-- 2outof5(WGroup) -->
    <test name="Set1OrSet2" duration-ms="432939" started-at="2017-05-16T07:30:17Z" finished-at="2017-05-16T07:37:30Z">
      <class name="Common.ChangeSection">
        <test-method status="PASS" signature="selectSection(java.lang.String)[pri:0, instance:Common.ChangeSection@7a0ac6e3]" name="selectSection" duration-ms="26709" started-at="2017-05-16T13:00:17Z" finished-at="2017-05-16T13:00:43Z">
          <params>
            <param index="0">
              <value>
                <![CDATA[AutoTestingMM]]>
              </value>
            </param>
          </params>
          <reporter-output>
          </reporter-output>
        </test-method> <!-- selectSection -->
      </class> <!-- Common.ChangeSection -->
      <class name="Teacher.CreateOptionalAssignment">
        <test-method status="PASS" signature="exicute(java.lang.String, java.lang.String)[pri:0, instance:Teacher.CreateOptionalAssignment@71be98f5]" name="exicute" duration-ms="406224" started-at="2017-05-16T13:00:43Z" finished-at="2017-05-16T13:07:30Z">
          <params>
            <param index="0">
              <value>
                <![CDATA[OptionalQuestionAssignment.csv]]>
              </value>
            </param>
            <param index="1">
              <value>
                <![CDATA[Set1OrSet2]]>
              </value>
            </param>
          </params>
          <reporter-output>
          </reporter-output>
        </test-method> <!-- exicute -->
      </class> <!-- Teacher.CreateOptionalAssignment -->
    </test> <!-- Set1OrSet2 -->
    <test name="3Outof5Set1OrSet2" duration-ms="475916" started-at="2017-05-16T07:37:30Z" finished-at="2017-05-16T07:45:26Z">
      <class name="Common.ChangeSection">
        <test-method status="PASS" signature="selectSection(java.lang.String)[pri:0, instance:Common.ChangeSection@506e6d5e]" name="selectSection" duration-ms="26569" started-at="2017-05-16T13:07:30Z" finished-at="2017-05-16T13:07:56Z">
          <params>
            <param index="0">
              <value>
                <![CDATA[AutoTestingMM]]>
              </value>
            </param>
          </params>
          <reporter-output>
          </reporter-output>
        </test-method> <!-- selectSection -->
      </class> <!-- Common.ChangeSection -->
      <class name="Teacher.CreateOptionalAssignment">
        <test-method status="PASS" signature="exicute(java.lang.String, java.lang.String)[pri:0, instance:Teacher.CreateOptionalAssignment@96532d6]" name="exicute" duration-ms="449345" started-at="2017-05-16T13:07:56Z" finished-at="2017-05-16T13:15:26Z">
          <params>
            <param index="0">
              <value>
                <![CDATA[OptionalQuestionAssignment.csv]]>
              </value>
            </param>
            <param index="1">
              <value>
                <![CDATA[3Outof5Set1OrSet2]]>
              </value>
            </param>
          </params>
          <reporter-output>
          </reporter-output>
        </test-method> <!-- exicute -->
      </class> <!-- Teacher.CreateOptionalAssignment -->
    </test> <!-- 3Outof5Set1OrSet2 -->
    <test name="Set1OrSet2(DiffCountofQ)" duration-ms="456865" started-at="2017-05-16T07:45:26Z" finished-at="2017-05-16T07:53:02Z">
      <class name="Common.ChangeSection">
        <test-method status="PASS" signature="selectSection(java.lang.String)[pri:0, instance:Common.ChangeSection@35f983a6]" name="selectSection" duration-ms="27029" started-at="2017-05-16T13:15:26Z" finished-at="2017-05-16T13:15:53Z">
          <params>
            <param index="0">
              <value>
                <![CDATA[Lab1_AutoTestingMM]]>
              </value>
            </param>
          </params>
          <reporter-output>
          </reporter-output>
        </test-method> <!-- selectSection -->
      </class> <!-- Common.ChangeSection -->
      <class name="Teacher.CreateOptionalAssignment">
        <test-method status="PASS" signature="exicute(java.lang.String, java.lang.String)[pri:0, instance:Teacher.CreateOptionalAssignment@7f690630]" name="exicute" duration-ms="429835" started-at="2017-05-16T13:15:53Z" finished-at="2017-05-16T13:23:02Z">
          <params>
            <param index="0">
              <value>
                <![CDATA[OptionalQuestionAssignment.csv]]>
              </value>
            </param>
            <param index="1">
              <value>
                <![CDATA[Set1OrSet2(DiffCountofQ)]]>
              </value>
            </param>
          </params>
          <reporter-output>
          </reporter-output>
        </test-method> <!-- exicute -->
      </class> <!-- Teacher.CreateOptionalAssignment -->
    </test> <!-- Set1OrSet2(DiffCountofQ) -->
    <test name="CloseBroser" duration-ms="1308" started-at="2017-05-16T07:53:02Z" finished-at="2017-05-16T07:53:04Z">
      <class name="Common.CloseBroser">
        <test-method status="PASS" signature="quit1()[pri:0, instance:Common.CloseBroser@6cd8737]" name="quit1" duration-ms="1305" started-at="2017-05-16T13:23:02Z" finished-at="2017-05-16T13:23:04Z">
          <reporter-output>
          </reporter-output>
        </test-method> <!-- quit1 -->
      </class> <!-- Common.CloseBroser -->
    </test> <!-- CloseBroser -->
  </suite> <!-- optionalAssignment -->
  <suite name="OptQuestionMarksUpload" duration-ms="5748777" started-at="2017-05-16T07:53:04Z" finished-at="2017-05-16T09:28:53Z">
    <groups>
    </groups>
    <test name="AttemptAll1" duration-ms="1" started-at="2017-05-16T07:53:04Z" finished-at="2017-05-16T07:53:04Z">
      <class name="Data.Read_Data">
        <test-method status="PASS" signature="SetINputDatapath(java.lang.String)[pri:0, instance:Data.Read_Data@3d8c7aca]" name="SetINputDatapath" duration-ms="0" started-at="2017-05-16T13:23:04Z" finished-at="2017-05-16T13:23:04Z">
          <params>
            <param index="0">
              <value>
                <![CDATA[Flavour 7-8]]>
              </value>
            </param>
          </params>
          <reporter-output>
          </reporter-output>
        </test-method> <!-- SetINputDatapath -->
      </class> <!-- Data.Read_Data -->
    </test> <!-- AttemptAll1 -->
    <test name="LaunchAppForsetPolicy" duration-ms="4242" started-at="2017-05-16T07:53:04Z" finished-at="2017-05-16T07:53:08Z">
      <class name="Common.LaunchApp">
        <test-method status="PASS" signature="Execute(java.lang.String)[pri:0, instance:Common.LaunchApp@3fb6a447]" name="Execute" duration-ms="4240" started-at="2017-05-16T13:23:04Z" finished-at="2017-05-16T13:23:08Z">
          <params>
            <param index="0">
              <value>
                <![CDATA[http://testing.inpods.com:88/]]>
              </value>
            </param>
          </params>
          <reporter-output>
          </reporter-output>
        </test-method> <!-- Execute -->
      </class> <!-- Common.LaunchApp -->
    </test> <!-- LaunchAppForsetPolicy -->
    <test name="Set policy_Login1" duration-ms="13530" started-at="2017-05-16T07:53:08Z" finished-at="2017-05-16T07:53:22Z">
      <class name="Common.Login">
        <test-method status="PASS" signature="LoginD(java.lang.String, java.lang.String)[pri:0, instance:Common.Login@38082d64]" name="LoginD" duration-ms="13529" started-at="2017-05-16T13:23:08Z" finished-at="2017-05-16T13:23:22Z">
          <params>
            <param index="0">
              <value>
                <![CDATA[inpodssa@sar.com]]>
              </value>
            </param>
            <param index="1">
              <value>
                <![CDATA[techone]]>
              </value>
            </param>
          </params>
          <reporter-output>
          </reporter-output>
        </test-method> <!-- LoginD -->
      </class> <!-- Common.Login -->
    </test> <!-- Set policy_Login1 -->
    <test name="Set policy_Select Section" duration-ms="12011" started-at="2017-05-16T07:53:22Z" finished-at="2017-05-16T07:53:34Z">
      <class name="Tech.TechChangeSection">
        <test-method status="SKIP" signature="TechChangeSection(java.lang.String, java.lang.String, java.lang.String)[pri:0, instance:Tech.TechChangeSection@64616ca2]" name="TechChangeSection" duration-ms="0" started-at="2017-05-16T13:23:22Z" finished-at="2017-05-16T13:23:22Z">
          <exception class="org.testng.TestNGException">
            <message>
              <![CDATA[
Parameter 'TestData' is required by @Test on method TechChangeSection but has not been marked @Optional or defined
in D:\Xml_to_Run\OptQuestionMarksUpload.xml]]>
            </message>
            <full-stacktrace>
              <![CDATA[org.testng.TestNGException: 
Parameter 'TestData' is required by @Test on method TechChangeSection but has not been marked @Optional or defined
in D:\Xml_to_Run\OptQuestionMarksUpload.xml
	at org.testng.internal.Parameters.createParameters(Parameters.java:154)
	at org.testng.internal.Parameters.createParameters(Parameters.java:361)
	at org.testng.internal.Parameters.handleParameters(Parameters.java:451)
	at org.testng.internal.Invoker.handleParameters(Invoker.java:1243)
	at org.testng.internal.Invoker.createParameters(Invoker.java:992)
	at org.testng.internal.Invoker.invokeTestMethods(Invoker.java:1082)
	at org.testng.internal.TestMethodWorker.invokeTestMethods(TestMethodWorker.java:129)
	at org.testng.internal.TestMethodWorker.run(TestMethodWorker.java:112)
	at java.util.concurrent.ThreadPoolExecutor.runWorker(Unknown Source)
	at java.util.concurrent.ThreadPoolExecutor$Worker.run(Unknown Source)
	at java.lang.Thread.run(Unknown Source)
]]>
            </full-stacktrace>
          </exception> <!-- org.testng.TestNGException -->
          <reporter-output>
          </reporter-output>
        </test-method> <!-- TechChangeSection -->
        <test-method status="PASS" signature="TechChangeSectionById(java.lang.String)[pri:0, instance:Tech.TechChangeSection@64616ca2]" name="TechChangeSectionById" duration-ms="12007" started-at="2017-05-16T13:23:22Z" finished-at="2017-05-16T13:23:34Z">
          <params>
            <param index="0">
              <value>
                <![CDATA[1]]>
              </value>
            </param>
          </params>
          <reporter-output>
          </reporter-output>
        </test-method> <!-- TechChangeSectionById -->
      </class> <!-- Tech.TechChangeSection -->
    </test> <!-- Set policy_Select Section -->
    <test name="Change Policy IsNotAttempted" duration-ms="34931" started-at="2017-05-16T07:53:34Z" finished-at="2017-05-16T07:54:08Z">
      <class name="Tech.ChangePolicy">
        <test-method status="PASS" signature="ChangePolicyByName(java.lang.String, java.lang.String)[pri:0, instance:Tech.ChangePolicy@180bc464]" name="ChangePolicyByName" duration-ms="34929" started-at="2017-05-16T13:23:34Z" finished-at="2017-05-16T13:24:08Z">
          <params>
            <param index="0">
              <value>
                <![CDATA[IsNotAttempted]]>
              </value>
            </param>
            <param index="1">
              <value>
                <![CDATA[False]]>
              </value>
            </param>
          </params>
          <reporter-output>
          </reporter-output>
        </test-method> <!-- ChangePolicyByName -->
      </class> <!-- Tech.ChangePolicy -->
    </test> <!-- Change Policy IsNotAttempted -->
    <test name="Change Policy_IsNotStarted" duration-ms="34809" started-at="2017-05-16T07:54:08Z" finished-at="2017-05-16T07:54:43Z">
      <class name="Tech.ChangePolicy">
        <test-method status="PASS" signature="ChangePolicyByName(java.lang.String, java.lang.String)[pri:0, instance:Tech.ChangePolicy@2ef9b8bc]" name="ChangePolicyByName" duration-ms="34808" started-at="2017-05-16T13:24:08Z" finished-at="2017-05-16T13:24:43Z">
          <params>
            <param index="0">
              <value>
                <![CDATA[IsNotStarted]]>
              </value>
            </param>
            <param index="1">
              <value>
                <![CDATA[False]]>
              </value>
            </param>
          </params>
          <reporter-output>
          </reporter-output>
        </test-method> <!-- ChangePolicyByName -->
      </class> <!-- Tech.ChangePolicy -->
    </test> <!-- Change Policy_IsNotStarted -->
    <test name="Change Policy_IsNotSubmitted" duration-ms="34849" started-at="2017-05-16T07:54:43Z" finished-at="2017-05-16T07:55:18Z">
      <class name="Tech.ChangePolicy">
        <test-method status="PASS" signature="ChangePolicyByName(java.lang.String, java.lang.String)[pri:0, instance:Tech.ChangePolicy@6fb554cc]" name="ChangePolicyByName" duration-ms="34835" started-at="2017-05-16T13:24:43Z" finished-at="2017-05-16T13:25:18Z">
          <params>
            <param index="0">
              <value>
                <![CDATA[IsNotSubmitted]]>
              </value>
            </param>
            <param index="1">
              <value>
                <![CDATA[False]]>
              </value>
            </param>
          </params>
          <reporter-output>
          </reporter-output>
        </test-method> <!-- ChangePolicyByName -->
      </class> <!-- Tech.ChangePolicy -->
    </test> <!-- Change Policy_IsNotSubmitted -->
    <test name="CloseBroserAfterPolicyChange" duration-ms="1218" started-at="2017-05-16T07:55:18Z" finished-at="2017-05-16T07:55:19Z">
      <class name="Common.CloseBroser">
        <test-method status="PASS" signature="quit1()[pri:0, instance:Common.CloseBroser@3567135c]" name="quit1" duration-ms="1217" started-at="2017-05-16T13:25:18Z" finished-at="2017-05-16T13:25:19Z">
          <reporter-output>
          </reporter-output>
        </test-method> <!-- quit1 -->
      </class> <!-- Common.CloseBroser -->
    </test> <!-- CloseBroserAfterPolicyChange -->
    <test name="LaunchApp" duration-ms="4056" started-at="2017-05-16T07:55:19Z" finished-at="2017-05-16T07:55:23Z">
      <class name="Common.LaunchApp">
        <test-method status="PASS" signature="Execute(java.lang.String)[pri:0, instance:Common.LaunchApp@6b143ee9]" name="Execute" duration-ms="4055" started-at="2017-05-16T13:25:19Z" finished-at="2017-05-16T13:25:23Z">
          <params>
            <param index="0">
              <value>
                <![CDATA[http://localhost/]]>
              </value>
            </param>
          </params>
          <reporter-output>
          </reporter-output>
        </test-method> <!-- Execute -->
      </class> <!-- Common.LaunchApp -->
    </test> <!-- LaunchApp -->
    <test name="Login" duration-ms="13933" started-at="2017-05-16T07:55:23Z" finished-at="2017-05-16T07:55:37Z">
      <class name="Common.Login">
        <test-method status="PASS" signature="LoginD(java.lang.String, java.lang.String)[pri:0, instance:Common.Login@617c74e5]" name="LoginD" duration-ms="13933" started-at="2017-05-16T13:25:23Z" finished-at="2017-05-16T13:25:37Z">
          <params>
            <param index="0">
              <value>
                <![CDATA[maym@inpods.com]]>
              </value>
            </param>
            <param index="1">
              <value>
                <![CDATA[password]]>
              </value>
            </param>
          </params>
          <reporter-output>
          </reporter-output>
        </test-method> <!-- LoginD -->
      </class> <!-- Common.Login -->
    </test> <!-- Login -->
    <test name="Upload QP 1 - M1 - Assignment 5" duration-ms="100138" started-at="2017-05-16T07:55:37Z" finished-at="2017-05-16T07:57:17Z">
      <class name="Common.ChangeSection">
        <test-method status="PASS" signature="selectSection(java.lang.String)[pri:0, instance:Common.ChangeSection@35fb3008]" name="selectSection" duration-ms="26146" started-at="2017-05-16T13:25:37Z" finished-at="2017-05-16T13:26:04Z">
          <params>
            <param index="0">
              <value>
                <![CDATA[AutoTestingMM_B]]>
              </value>
            </param>
          </params>
          <reporter-output>
          </reporter-output>
        </test-method> <!-- selectSection -->
      </class> <!-- Common.ChangeSection -->
      <class name="Teacher.UploadFile">
        <test-method status="PASS" signature="upload_gradebook(java.lang.String, java.lang.String)[pri:0, instance:Teacher.UploadFile@7225790e]" name="upload_gradebook" duration-ms="73990" started-at="2017-05-16T13:26:04Z" finished-at="2017-05-16T13:27:17Z">
          <params>
            <param index="0">
              <value>
                <![CDATA[QP 1 - M1 - Assignment 5]]>
              </value>
            </param>
            <param index="1">
              <value>
                <![CDATA[D:\AutoTestData_Chrome\Upload\OptionalQuestion\QP 1 - M1 - Assignment 5_Mayur Mulay_AutoTestingMMB.xlsx]]>
              </value>
            </param>
          </params>
          <reporter-output>
          </reporter-output>
        </test-method> <!-- upload_gradebook -->
      </class> <!-- Teacher.UploadFile -->
    </test> <!-- Upload QP 1 - M1 - Assignment 5 -->
    <test name="SetOptional with Q optional Assignment -4" duration-ms="98421" started-at="2017-05-16T07:57:17Z" finished-at="2017-05-16T07:58:56Z">
      <class name="Common.ChangeSection">
        <test-method status="PASS" signature="selectSection(java.lang.String)[pri:0, instance:Common.ChangeSection@52af6cff]" name="selectSection" duration-ms="27227" started-at="2017-05-16T13:27:17Z" finished-at="2017-05-16T13:27:45Z">
          <params>
            <param index="0">
              <value>
                <![CDATA[AutoTestingMM_B]]>
              </value>
            </param>
          </params>
          <reporter-output>
          </reporter-output>
        </test-method> <!-- selectSection -->
      </class> <!-- Common.ChangeSection -->
      <class name="Teacher.UploadFile">
        <test-method status="PASS" signature="upload_gradebook(java.lang.String, java.lang.String)[pri:0, instance:Teacher.UploadFile@735b478]" name="upload_gradebook" duration-ms="71192" started-at="2017-05-16T13:27:45Z" finished-at="2017-05-16T13:28:56Z">
          <params>
            <param index="0">
              <value>
                <![CDATA[SetOptional with Q optional Assignment -4]]>
              </value>
            </param>
            <param index="1">
              <value>
                <![CDATA[D:\AutoTestData_Chrome\Upload\OptionalQuestion\SetOptional with Q optional Assignment -4_Mayur Mulay_AutoTestingMMB.xlsx]]>
              </value>
            </param>
          </params>
          <reporter-output>
          </reporter-output>
        </test-method> <!-- upload_gradebook -->
      </class> <!-- Teacher.UploadFile -->
    </test> <!-- SetOptional with Q optional Assignment -4 -->
    <test name="Upload SetOptional - Assignment -3" duration-ms="98203" started-at="2017-05-16T07:58:56Z" finished-at="2017-05-16T08:00:34Z">
      <class name="Common.ChangeSection">
        <test-method status="PASS" signature="selectSection(java.lang.String)[pri:0, instance:Common.ChangeSection@61dc03ce]" name="selectSection" duration-ms="26949" started-at="2017-05-16T13:28:56Z" finished-at="2017-05-16T13:29:23Z">
          <params>
            <param index="0">
              <value>
                <![CDATA[AutoTestingMM_B]]>
              </value>
            </param>
          </params>
          <reporter-output>
          </reporter-output>
        </test-method> <!-- selectSection -->
      </class> <!-- Common.ChangeSection -->
      <class name="Teacher.UploadFile">
        <test-method status="PASS" signature="upload_gradebook(java.lang.String, java.lang.String)[pri:0, instance:Teacher.UploadFile@50f8360d]" name="upload_gradebook" duration-ms="71252" started-at="2017-05-16T13:29:23Z" finished-at="2017-05-16T13:30:34Z">
          <params>
            <param index="0">
              <value>
                <![CDATA[SetOptional - Assignment -3]]>
              </value>
            </param>
            <param index="1">
              <value>
                <![CDATA[D:\AutoTestData_Chrome\Upload\OptionalQuestion\SetOptional - Assignment -3_Mayur Mulay_AutoTestingMMB.xlsx]]>
              </value>
            </param>
          </params>
          <reporter-output>
          </reporter-output>
        </test-method> <!-- upload_gradebook -->
      </class> <!-- Teacher.UploadFile -->
    </test> <!-- Upload SetOptional - Assignment -3 -->
    <test name="Upload SimpleOptional Assignment -2" duration-ms="97478" started-at="2017-05-16T08:00:34Z" finished-at="2017-05-16T08:02:12Z">
      <class name="Common.ChangeSection">
        <test-method status="PASS" signature="selectSection(java.lang.String)[pri:0, instance:Common.ChangeSection@26f67b76]" name="selectSection" duration-ms="26867" started-at="2017-05-16T13:30:34Z" finished-at="2017-05-16T13:31:01Z">
          <params>
            <param index="0">
              <value>
                <![CDATA[AutoTestingMM_B]]>
              </value>
            </param>
          </params>
          <reporter-output>
          </reporter-output>
        </test-method> <!-- selectSection -->
      </class> <!-- Common.ChangeSection -->
      <class name="Teacher.UploadFile">
        <test-method status="PASS" signature="upload_gradebook(java.lang.String, java.lang.String)[pri:0, instance:Teacher.UploadFile@153f5a29]" name="upload_gradebook" duration-ms="70609" started-at="2017-05-16T13:31:01Z" finished-at="2017-05-16T13:32:12Z">
          <params>
            <param index="0">
              <value>
                <![CDATA[SimpleOptional Assignment -2]]>
              </value>
            </param>
            <param index="1">
              <value>
                <![CDATA[D:\AutoTestData_Chrome\Upload\OptionalQuestion\SimpleOptional Assignment -2_Mayur Mulay_AutoTestingMMB.xlsx]]>
              </value>
            </param>
          </params>
          <reporter-output>
          </reporter-output>
        </test-method> <!-- upload_gradebook -->
      </class> <!-- Teacher.UploadFile -->
    </test> <!-- Upload SimpleOptional Assignment -2 -->
    <test name="Upload Optional question- Assignment 1" duration-ms="99391" started-at="2017-05-16T08:02:12Z" finished-at="2017-05-16T08:03:51Z">
      <class name="Common.ChangeSection">
        <test-method status="PASS" signature="selectSection(java.lang.String)[pri:0, instance:Common.ChangeSection@59e84876]" name="selectSection" duration-ms="27580" started-at="2017-05-16T13:32:12Z" finished-at="2017-05-16T13:32:39Z">
          <params>
            <param index="0">
              <value>
                <![CDATA[AutoTestingMM_B]]>
              </value>
            </param>
          </params>
          <reporter-output>
          </reporter-output>
        </test-method> <!-- selectSection -->
      </class> <!-- Common.ChangeSection -->
      <class name="Teacher.UploadFile">
        <test-method status="PASS" signature="upload_gradebook(java.lang.String, java.lang.String)[pri:0, instance:Teacher.UploadFile@61a485d2]" name="upload_gradebook" duration-ms="71807" started-at="2017-05-16T13:32:39Z" finished-at="2017-05-16T13:33:51Z">
          <params>
            <param index="0">
              <value>
                <![CDATA[Optional question- Assignment 1]]>
              </value>
            </param>
            <param index="1">
              <value>
                <![CDATA[D:\AutoTestData_Chrome\Upload\OptionalQuestion\Optional question- Assignment 1_Mayur Mulay_AutoTestingMMB.xlsx]]>
              </value>
            </param>
          </params>
          <reporter-output>
          </reporter-output>
        </test-method> <!-- upload_gradebook -->
      </class> <!-- Teacher.UploadFile -->
    </test> <!-- Upload Optional question- Assignment 1 -->
    <test name="Upload SetOptionalDiffCO" duration-ms="98832" started-at="2017-05-16T08:03:51Z" finished-at="2017-05-16T08:05:30Z">
      <class name="Common.ChangeSection">
        <test-method status="PASS" signature="selectSection(java.lang.String)[pri:0, instance:Common.ChangeSection@4590c9c3]" name="selectSection" duration-ms="27056" started-at="2017-05-16T13:33:51Z" finished-at="2017-05-16T13:34:18Z">
          <params>
            <param index="0">
              <value>
                <![CDATA[AutoTestingMM_B]]>
              </value>
            </param>
          </params>
          <reporter-output>
          </reporter-output>
        </test-method> <!-- selectSection -->
      </class> <!-- Common.ChangeSection -->
      <class name="Teacher.UploadFile">
        <test-method status="PASS" signature="upload_gradebook(java.lang.String, java.lang.String)[pri:0, instance:Teacher.UploadFile@32e6e9c3]" name="upload_gradebook" duration-ms="71771" started-at="2017-05-16T13:34:18Z" finished-at="2017-05-16T13:35:30Z">
          <params>
            <param index="0">
              <value>
                <![CDATA[SetOptionalDiffCO]]>
              </value>
            </param>
            <param index="1">
              <value>
                <![CDATA[D:\AutoTestData_Chrome\Upload\OptionalQuestion\SetOptionalDiffCO_Mayur Mulay_AutoTestingMMB.xlsx]]>
              </value>
            </param>
          </params>
          <reporter-output>
          </reporter-output>
        </test-method> <!-- upload_gradebook -->
      </class> <!-- Teacher.UploadFile -->
    </test> <!-- Upload SetOptionalDiffCO -->
    <test name="Upload SimpleOptional4of6" duration-ms="98576" started-at="2017-05-16T08:05:30Z" finished-at="2017-05-16T08:07:08Z">
      <class name="Common.ChangeSection">
        <test-method status="PASS" signature="selectSection(java.lang.String)[pri:0, instance:Common.ChangeSection@5afa04c]" name="selectSection" duration-ms="27159" started-at="2017-05-16T13:35:30Z" finished-at="2017-05-16T13:35:57Z">
          <params>
            <param index="0">
              <value>
                <![CDATA[AutoTestingMM_B]]>
              </value>
            </param>
          </params>
          <reporter-output>
          </reporter-output>
        </test-method> <!-- selectSection -->
      </class> <!-- Common.ChangeSection -->
      <class name="Teacher.UploadFile">
        <test-method status="PASS" signature="upload_gradebook(java.lang.String, java.lang.String)[pri:0, instance:Teacher.UploadFile@6ea12c19]" name="upload_gradebook" duration-ms="71413" started-at="2017-05-16T13:35:57Z" finished-at="2017-05-16T13:37:08Z">
          <params>
            <param index="0">
              <value>
                <![CDATA[SimpleOptional4of6]]>
              </value>
            </param>
            <param index="1">
              <value>
                <![CDATA[D:\AutoTestData_Chrome\Upload\OptionalQuestion\SimpleOptional4of6_Mayur Mulay_AutoTestingMMB.xlsx]]>
              </value>
            </param>
          </params>
          <reporter-output>
          </reporter-output>
        </test-method> <!-- upload_gradebook -->
      </class> <!-- Teacher.UploadFile -->
    </test> <!-- Upload SimpleOptional4of6 -->
    <test name="Upload QP 1 - M2 - Assigment 6" duration-ms="99120" started-at="2017-05-16T08:07:08Z" finished-at="2017-05-16T08:08:48Z">
      <class name="Common.ChangeSection">
        <test-method status="PASS" signature="selectSection(java.lang.String)[pri:0, instance:Common.ChangeSection@6a2bcfcb]" name="selectSection" duration-ms="26951" started-at="2017-05-16T13:37:08Z" finished-at="2017-05-16T13:37:35Z">
          <params>
            <param index="0">
              <value>
                <![CDATA[AutoTestingMM_B]]>
              </value>
            </param>
          </params>
          <reporter-output>
          </reporter-output>
        </test-method> <!-- selectSection -->
      </class> <!-- Common.ChangeSection -->
      <class name="Teacher.UploadFile">
        <test-method status="PASS" signature="upload_gradebook(java.lang.String, java.lang.String)[pri:0, instance:Teacher.UploadFile@4de8b406]" name="upload_gradebook" duration-ms="72167" started-at="2017-05-16T13:37:35Z" finished-at="2017-05-16T13:38:48Z">
          <params>
            <param index="0">
              <value>
                <![CDATA[QP 1 - M2 - Assigment 6]]>
              </value>
            </param>
            <param index="1">
              <value>
                <![CDATA[D:\AutoTestData_Chrome\Upload\OptionalQuestion\QP 1 - M2 - Assigment 6_Mayur Mulay_AutoTestingMMB.xlsx]]>
              </value>
            </param>
          </params>
          <reporter-output>
          </reporter-output>
        </test-method> <!-- upload_gradebook -->
      </class> <!-- Teacher.UploadFile -->
    </test> <!-- Upload QP 1 - M2 - Assigment 6 -->
    <test name="Upload QP 2 - M1 - Assignment 7" duration-ms="87928" started-at="2017-05-16T08:08:48Z" finished-at="2017-05-16T08:10:16Z">
      <class name="Common.ChangeSection">
        <test-method status="PASS" signature="selectSection(java.lang.String)[pri:0, instance:Common.ChangeSection@5ae9a829]" name="selectSection" duration-ms="26968" started-at="2017-05-16T13:38:48Z" finished-at="2017-05-16T13:39:15Z">
          <params>
            <param index="0">
              <value>
                <![CDATA[AutoTestingMM_B]]>
              </value>
            </param>
          </params>
          <reporter-output>
          </reporter-output>
        </test-method> <!-- selectSection -->
      </class> <!-- Common.ChangeSection -->
      <class name="Teacher.UploadFile">
        <test-method status="SKIP" signature="upload_gradebook(java.lang.String, java.lang.String)[pri:0, instance:Teacher.UploadFile@6d8a00e3]" name="upload_gradebook" duration-ms="57323" started-at="2017-05-16T13:39:15Z" finished-at="2017-05-16T13:40:12Z">
          <params>
            <param index="0">
              <value>
                <![CDATA[QP 2 - M1 - Assignment 7]]>
              </value>
            </param>
            <param index="1">
              <value>
                <![CDATA[D:\AutoTestData_Chrome\Upload\OptionalQuestion\QP 2 - M1 - Assignment 7_Mayur Mulay_AutoTestingMMB.xlsx]]>
              </value>
            </param>
          </params>
          <exception class="org.openqa.selenium.NoAlertPresentException">
            <message>
              <![CDATA[no alert open
  (Session info: chrome=57.0.2987.133)
  (Driver info: chromedriver=2.29.461591 (62ebf098771772160f391d75e589dc567915b233),platform=Windows NT 6.1.7601 SP1 x86_64) (WARNING: The server did not provide any stacktrace information)
Command duration or timeout: 2.44 seconds
Build info: version: '2.47.1', revision: '411b314', time: '2015-07-30 02:56:46'
System info: host: 'User-PC', ip: '192.168.2.12', os.name: 'Windows 7', os.arch: 'amd64', os.version: '6.1', java.version: '1.8.0_131'
Driver info: org.openqa.selenium.chrome.ChromeDriver
Capabilities [{applicationCacheEnabled=false, rotatable=false, mobileEmulationEnabled=false, networkConnectionEnabled=false, chrome={chromedriverVersion=2.29.461591 (62ebf098771772160f391d75e589dc567915b233), userDataDir=C:\Users\User\AppData\Local\Temp\scoped_dir4232_14968}, takesHeapSnapshot=true, pageLoadStrategy=normal, databaseEnabled=false, handlesAlerts=true, hasTouchScreen=false, version=57.0.2987.133, platform=XP, browserConnectionEnabled=false, nativeEvents=true, acceptSslCerts=true, locationContextEnabled=true, webStorageEnabled=true, browserName=chrome, takesScreenshot=true, javascriptEnabled=true, cssSelectorsEnabled=true, unexpectedAlertBehaviour=}]
Session ID: 8dbe4cfa43186d74239e1ade0506d065]]>
            </message>
            <full-stacktrace>
              <![CDATA[org.openqa.selenium.NoAlertPresentException: no alert open
  (Session info: chrome=57.0.2987.133)
  (Driver info: chromedriver=2.29.461591 (62ebf098771772160f391d75e589dc567915b233),platform=Windows NT 6.1.7601 SP1 x86_64) (WARNING: The server did not provide any stacktrace information)
Command duration or timeout: 2.44 seconds
Build info: version: '2.47.1', revision: '411b314', time: '2015-07-30 02:56:46'
System info: host: 'User-PC', ip: '192.168.2.12', os.name: 'Windows 7', os.arch: 'amd64', os.version: '6.1', java.version: '1.8.0_131'
Driver info: org.openqa.selenium.chrome.ChromeDriver
Capabilities [{applicationCacheEnabled=false, rotatable=false, mobileEmulationEnabled=false, networkConnectionEnabled=false, chrome={chromedriverVersion=2.29.461591 (62ebf098771772160f391d75e589dc567915b233), userDataDir=C:\Users\User\AppData\Local\Temp\scoped_dir4232_14968}, takesHeapSnapshot=true, pageLoadStrategy=normal, databaseEnabled=false, handlesAlerts=true, hasTouchScreen=false, version=57.0.2987.133, platform=XP, browserConnectionEnabled=false, nativeEvents=true, acceptSslCerts=true, locationContextEnabled=true, webStorageEnabled=true, browserName=chrome, takesScreenshot=true, javascriptEnabled=true, cssSelectorsEnabled=true, unexpectedAlertBehaviour=}]
Session ID: 8dbe4cfa43186d74239e1ade0506d065
	at sun.reflect.GeneratedConstructorAccessor16.newInstance(Unknown Source)
	at sun.reflect.DelegatingConstructorAccessorImpl.newInstance(Unknown Source)
	at java.lang.reflect.Constructor.newInstance(Unknown Source)
	at org.openqa.selenium.remote.ErrorHandler.createThrowable(ErrorHandler.java:206)
	at org.openqa.selenium.remote.ErrorHandler.throwIfResponseFailed(ErrorHandler.java:158)
	at org.openqa.selenium.remote.RemoteWebDriver.execute(RemoteWebDriver.java:595)
	at org.openqa.selenium.remote.RemoteWebDriver.execute(RemoteWebDriver.java:618)
	at org.openqa.selenium.remote.RemoteWebDriver$RemoteTargetLocator.alert(RemoteWebDriver.java:912)
	at Teacher.UploadFile.upload_gradebook(UploadFile.java:88)
	at sun.reflect.NativeMethodAccessorImpl.invoke0(Native Method)
	at sun.reflect.NativeMethodAccessorImpl.invoke(Unknown Source)
	at sun.reflect.DelegatingMethodAccessorImpl.invoke(Unknown Source)
	at java.lang.reflect.Method.invoke(Unknown Source)
	at org.testng.internal.MethodInvocationHelper.invokeMethod(MethodInvocationHelper.java:86)
	at org.testng.internal.Invoker.invokeMethod(Invoker.java:646)
	at org.testng.internal.Invoker.invokeTestMethod(Invoker.java:823)
	at org.testng.internal.Invoker.invokeTestMethods(Invoker.java:1131)
	at org.testng.internal.TestMethodWorker.invokeTestMethods(TestMethodWorker.java:129)
	at org.testng.internal.TestMethodWorker.run(TestMethodWorker.java:112)
	at java.util.concurrent.ThreadPoolExecutor.runWorker(Unknown Source)
	at java.util.concurrent.ThreadPoolExecutor$Worker.run(Unknown Source)
	at java.lang.Thread.run(Unknown Source)
]]>
            </full-stacktrace>
          </exception> <!-- org.openqa.selenium.NoAlertPresentException -->
          <reporter-output>
          </reporter-output>
        </test-method> <!-- upload_gradebook -->
        <test-method status="SKIP" signature="upload_gradebook(java.lang.String, java.lang.String)[pri:0, instance:Teacher.UploadFile@6d8a00e3]" name="upload_gradebook" duration-ms="2484" started-at="2017-05-16T13:40:12Z" finished-at="2017-05-16T13:40:14Z">
          <params>
            <param index="0">
              <value>
                <![CDATA[QP 2 - M1 - Assignment 7]]>
              </value>
            </param>
            <param index="1">
              <value>
                <![CDATA[D:\AutoTestData_Chrome\Upload\OptionalQuestion\QP 2 - M1 - Assignment 7_Mayur Mulay_AutoTestingMMB.xlsx]]>
              </value>
            </param>
          </params>
          <exception class="org.openqa.selenium.WebDriverException">
            <message>
              <![CDATA[unknown error: Element <a href="#" name="uploadAssignmentMarks">...</a> is not clickable at point (1125, 8). Other element would receive the click: <a data-hover="dropdown" href="javascript:void(0);" class="dropdown-toggle" aria-haspopup="true" aria-expanded="false">...</a>
  (Session info: chrome=57.0.2987.133)
  (Driver info: chromedriver=2.29.461591 (62ebf098771772160f391d75e589dc567915b233),platform=Windows NT 6.1.7601 SP1 x86_64) (WARNING: The server did not provide any stacktrace information)
Command duration or timeout: 120 milliseconds
Build info: version: '2.47.1', revision: '411b314', time: '2015-07-30 02:56:46'
System info: host: 'User-PC', ip: '192.168.2.12', os.name: 'Windows 7', os.arch: 'amd64', os.version: '6.1', java.version: '1.8.0_131'
Driver info: org.openqa.selenium.chrome.ChromeDriver
Capabilities [{applicationCacheEnabled=false, rotatable=false, mobileEmulationEnabled=false, networkConnectionEnabled=false, chrome={chromedriverVersion=2.29.461591 (62ebf098771772160f391d75e589dc567915b233), userDataDir=C:\Users\User\AppData\Local\Temp\scoped_dir4232_14968}, takesHeapSnapshot=true, pageLoadStrategy=normal, databaseEnabled=false, handlesAlerts=true, hasTouchScreen=false, version=57.0.2987.133, platform=XP, browserConnectionEnabled=false, nativeEvents=true, acceptSslCerts=true, locationContextEnabled=true, webStorageEnabled=true, browserName=chrome, takesScreenshot=true, javascriptEnabled=true, cssSelectorsEnabled=true, unexpectedAlertBehaviour=}]
Session ID: 8dbe4cfa43186d74239e1ade0506d065]]>
            </message>
            <full-stacktrace>
              <![CDATA[org.openqa.selenium.WebDriverException: unknown error: Element <a href="#" name="uploadAssignmentMarks">...</a> is not clickable at point (1125, 8). Other element would receive the click: <a data-hover="dropdown" href="javascript:void(0);" class="dropdown-toggle" aria-haspopup="true" aria-expanded="false">...</a>
  (Session info: chrome=57.0.2987.133)
  (Driver info: chromedriver=2.29.461591 (62ebf098771772160f391d75e589dc567915b233),platform=Windows NT 6.1.7601 SP1 x86_64) (WARNING: The server did not provide any stacktrace information)
Command duration or timeout: 120 milliseconds
Build info: version: '2.47.1', revision: '411b314', time: '2015-07-30 02:56:46'
System info: host: 'User-PC', ip: '192.168.2.12', os.name: 'Windows 7', os.arch: 'amd64', os.version: '6.1', java.version: '1.8.0_131'
Driver info: org.openqa.selenium.chrome.ChromeDriver
Capabilities [{applicationCacheEnabled=false, rotatable=false, mobileEmulationEnabled=false, networkConnectionEnabled=false, chrome={chromedriverVersion=2.29.461591 (62ebf098771772160f391d75e589dc567915b233), userDataDir=C:\Users\User\AppData\Local\Temp\scoped_dir4232_14968}, takesHeapSnapshot=true, pageLoadStrategy=normal, databaseEnabled=false, handlesAlerts=true, hasTouchScreen=false, version=57.0.2987.133, platform=XP, browserConnectionEnabled=false, nativeEvents=true, acceptSslCerts=true, locationContextEnabled=true, webStorageEnabled=true, browserName=chrome, takesScreenshot=true, javascriptEnabled=true, cssSelectorsEnabled=true, unexpectedAlertBehaviour=}]
Session ID: 8dbe4cfa43186d74239e1ade0506d065
	at sun.reflect.GeneratedConstructorAccessor15.newInstance(Unknown Source)
	at sun.reflect.DelegatingConstructorAccessorImpl.newInstance(Unknown Source)
	at java.lang.reflect.Constructor.newInstance(Unknown Source)
	at org.openqa.selenium.remote.ErrorHandler.createThrowable(ErrorHandler.java:206)
	at org.openqa.selenium.remote.ErrorHandler.throwIfResponseFailed(ErrorHandler.java:158)
	at org.openqa.selenium.remote.RemoteWebDriver.execute(RemoteWebDriver.java:595)
	at org.openqa.selenium.remote.RemoteWebElement.execute(RemoteWebElement.java:273)
	at org.openqa.selenium.remote.RemoteWebElement.click(RemoteWebElement.java:84)
	at Teacher.UploadFile.upload_gradebook(UploadFile.java:38)
	at sun.reflect.NativeMethodAccessorImpl.invoke0(Native Method)
	at sun.reflect.NativeMethodAccessorImpl.invoke(Unknown Source)
	at sun.reflect.DelegatingMethodAccessorImpl.invoke(Unknown Source)
	at java.lang.reflect.Method.invoke(Unknown Source)
	at org.testng.internal.MethodInvocationHelper.invokeMethod(MethodInvocationHelper.java:86)
	at org.testng.internal.Invoker.invokeMethod(Invoker.java:646)
	at org.testng.internal.Invoker.retryFailed(Invoker.java:970)
	at org.testng.internal.Invoker.invokeTestMethods(Invoker.java:1149)
	at org.testng.internal.TestMethodWorker.invokeTestMethods(TestMethodWorker.java:129)
	at org.testng.internal.TestMethodWorker.run(TestMethodWorker.java:112)
	at java.util.concurrent.ThreadPoolExecutor.runWorker(Unknown Source)
	at java.util.concurrent.ThreadPoolExecutor$Worker.run(Unknown Source)
	at java.lang.Thread.run(Unknown Source)
]]>
            </full-stacktrace>
          </exception> <!-- org.openqa.selenium.WebDriverException -->
          <reporter-output>
          </reporter-output>
        </test-method> <!-- upload_gradebook -->
        <test-method status="FAIL" signature="upload_gradebook(java.lang.String, java.lang.String)[pri:0, instance:Teacher.UploadFile@6d8a00e3]" name="upload_gradebook" duration-ms="1149" started-at="2017-05-16T13:40:14Z" finished-at="2017-05-16T13:40:16Z">
          <params>
            <param index="0">
              <value>
                <![CDATA[QP 2 - M1 - Assignment 7]]>
              </value>
            </param>
            <param index="1">
              <value>
                <![CDATA[D:\AutoTestData_Chrome\Upload\OptionalQuestion\QP 2 - M1 - Assignment 7_Mayur Mulay_AutoTestingMMB.xlsx]]>
              </value>
            </param>
          </params>
          <exception class="org.openqa.selenium.WebDriverException">
            <message>
              <![CDATA[unknown error: Element <a href="#" name="uploadAssignmentMarks">...</a> is not clickable at point (1125, 8). Other element would receive the click: <a data-hover="dropdown" href="javascript:void(0);" class="dropdown-toggle" aria-haspopup="true" aria-expanded="false">...</a>
  (Session info: chrome=57.0.2987.133)
  (Driver info: chromedriver=2.29.461591 (62ebf098771772160f391d75e589dc567915b233),platform=Windows NT 6.1.7601 SP1 x86_64) (WARNING: The server did not provide any stacktrace information)
Command duration or timeout: 23 milliseconds
Build info: version: '2.47.1', revision: '411b314', time: '2015-07-30 02:56:46'
System info: host: 'User-PC', ip: '192.168.2.12', os.name: 'Windows 7', os.arch: 'amd64', os.version: '6.1', java.version: '1.8.0_131'
Driver info: org.openqa.selenium.chrome.ChromeDriver
Capabilities [{applicationCacheEnabled=false, rotatable=false, mobileEmulationEnabled=false, networkConnectionEnabled=false, chrome={chromedriverVersion=2.29.461591 (62ebf098771772160f391d75e589dc567915b233), userDataDir=C:\Users\User\AppData\Local\Temp\scoped_dir4232_14968}, takesHeapSnapshot=true, pageLoadStrategy=normal, databaseEnabled=false, handlesAlerts=true, hasTouchScreen=false, version=57.0.2987.133, platform=XP, browserConnectionEnabled=false, nativeEvents=true, acceptSslCerts=true, locationContextEnabled=true, webStorageEnabled=true, browserName=chrome, takesScreenshot=true, javascriptEnabled=true, cssSelectorsEnabled=true, unexpectedAlertBehaviour=}]
Session ID: 8dbe4cfa43186d74239e1ade0506d065]]>
            </message>
            <full-stacktrace>
              <![CDATA[org.openqa.selenium.WebDriverException: unknown error: Element <a href="#" name="uploadAssignmentMarks">...</a> is not clickable at point (1125, 8). Other element would receive the click: <a data-hover="dropdown" href="javascript:void(0);" class="dropdown-toggle" aria-haspopup="true" aria-expanded="false">...</a>
  (Session info: chrome=57.0.2987.133)
  (Driver info: chromedriver=2.29.461591 (62ebf098771772160f391d75e589dc567915b233),platform=Windows NT 6.1.7601 SP1 x86_64) (WARNING: The server did not provide any stacktrace information)
Command duration or timeout: 23 milliseconds
Build info: version: '2.47.1', revision: '411b314', time: '2015-07-30 02:56:46'
System info: host: 'User-PC', ip: '192.168.2.12', os.name: 'Windows 7', os.arch: 'amd64', os.version: '6.1', java.version: '1.8.0_131'
Driver info: org.openqa.selenium.chrome.ChromeDriver
Capabilities [{applicationCacheEnabled=false, rotatable=false, mobileEmulationEnabled=false, networkConnectionEnabled=false, chrome={chromedriverVersion=2.29.461591 (62ebf098771772160f391d75e589dc567915b233), userDataDir=C:\Users\User\AppData\Local\Temp\scoped_dir4232_14968}, takesHeapSnapshot=true, pageLoadStrategy=normal, databaseEnabled=false, handlesAlerts=true, hasTouchScreen=false, version=57.0.2987.133, platform=XP, browserConnectionEnabled=false, nativeEvents=true, acceptSslCerts=true, locationContextEnabled=true, webStorageEnabled=true, browserName=chrome, takesScreenshot=true, javascriptEnabled=true, cssSelectorsEnabled=true, unexpectedAlertBehaviour=}]
Session ID: 8dbe4cfa43186d74239e1ade0506d065
	at sun.reflect.GeneratedConstructorAccessor15.newInstance(Unknown Source)
	at sun.reflect.DelegatingConstructorAccessorImpl.newInstance(Unknown Source)
	at java.lang.reflect.Constructor.newInstance(Unknown Source)
	at org.openqa.selenium.remote.ErrorHandler.createThrowable(ErrorHandler.java:206)
	at org.openqa.selenium.remote.ErrorHandler.throwIfResponseFailed(ErrorHandler.java:158)
	at org.openqa.selenium.remote.RemoteWebDriver.execute(RemoteWebDriver.java:595)
	at org.openqa.selenium.remote.RemoteWebElement.execute(RemoteWebElement.java:273)
	at org.openqa.selenium.remote.RemoteWebElement.click(RemoteWebElement.java:84)
	at Teacher.UploadFile.upload_gradebook(UploadFile.java:38)
	at sun.reflect.NativeMethodAccessorImpl.invoke0(Native Method)
	at sun.reflect.NativeMethodAccessorImpl.invoke(Unknown Source)
	at sun.reflect.DelegatingMethodAccessorImpl.invoke(Unknown Source)
	at java.lang.reflect.Method.invoke(Unknown Source)
	at org.testng.internal.MethodInvocationHelper.invokeMethod(MethodInvocationHelper.java:86)
	at org.testng.internal.Invoker.invokeMethod(Invoker.java:646)
	at org.testng.internal.Invoker.retryFailed(Invoker.java:970)
	at org.testng.internal.Invoker.invokeTestMethods(Invoker.java:1149)
	at org.testng.internal.TestMethodWorker.invokeTestMethods(TestMethodWorker.java:129)
	at org.testng.internal.TestMethodWorker.run(TestMethodWorker.java:112)
	at java.util.concurrent.ThreadPoolExecutor.runWorker(Unknown Source)
	at java.util.concurrent.ThreadPoolExecutor$Worker.run(Unknown Source)
	at java.lang.Thread.run(Unknown Source)
]]>
            </full-stacktrace>
          </exception> <!-- org.openqa.selenium.WebDriverException -->
          <reporter-output>
          </reporter-output>
        </test-method> <!-- upload_gradebook -->
      </class> <!-- Teacher.UploadFile -->
    </test> <!-- Upload QP 2 - M1 - Assignment 7 -->
    <test name="Upload QP 2 - M2 - Assigment 8" duration-ms="99817" started-at="2017-05-16T08:10:16Z" finished-at="2017-05-16T08:11:55Z">
      <class name="Common.ChangeSection">
        <test-method status="PASS" signature="selectSection(java.lang.String)[pri:0, instance:Common.ChangeSection@1810399e]" name="selectSection" duration-ms="27124" started-at="2017-05-16T13:40:16Z" finished-at="2017-05-16T13:40:43Z">
          <params>
            <param index="0">
              <value>
                <![CDATA[AutoTestingMM_B]]>
              </value>
            </param>
          </params>
          <reporter-output>
          </reporter-output>
        </test-method> <!-- selectSection -->
      </class> <!-- Common.ChangeSection -->
      <class name="Teacher.UploadFile">
        <test-method status="PASS" signature="upload_gradebook(java.lang.String, java.lang.String)[pri:0, instance:Teacher.UploadFile@32d992b2]" name="upload_gradebook" duration-ms="72690" started-at="2017-05-16T13:40:43Z" finished-at="2017-05-16T13:41:55Z">
          <params>
            <param index="0">
              <value>
                <![CDATA[QP 2 - M2 - Assigment 8]]>
              </value>
            </param>
            <param index="1">
              <value>
                <![CDATA[D:\AutoTestData_Chrome\Upload\OptionalQuestion\QP 2 - M2 - Assigment 8_Mayur Mulay_AutoTestingMMB.xlsx]]>
              </value>
            </param>
          </params>
          <reporter-output>
          </reporter-output>
        </test-method> <!-- upload_gradebook -->
      </class> <!-- Teacher.UploadFile -->
    </test> <!-- Upload QP 2 - M2 - Assigment 8 -->
    <test name="Upload QP 3 - M1 - Assignment 9" duration-ms="98734" started-at="2017-05-16T08:11:55Z" finished-at="2017-05-16T08:13:34Z">
      <class name="Common.ChangeSection">
        <test-method status="PASS" signature="selectSection(java.lang.String)[pri:0, instance:Common.ChangeSection@56f4468b]" name="selectSection" duration-ms="27137" started-at="2017-05-16T13:41:55Z" finished-at="2017-05-16T13:42:22Z">
          <params>
            <param index="0">
              <value>
                <![CDATA[AutoTestingMM_B]]>
              </value>
            </param>
          </params>
          <reporter-output>
          </reporter-output>
        </test-method> <!-- selectSection -->
      </class> <!-- Common.ChangeSection -->
      <class name="Teacher.UploadFile">
        <test-method status="PASS" signature="upload_gradebook(java.lang.String, java.lang.String)[pri:0, instance:Teacher.UploadFile@6cc4c815]" name="upload_gradebook" duration-ms="71594" started-at="2017-05-16T13:42:22Z" finished-at="2017-05-16T13:43:34Z">
          <params>
            <param index="0">
              <value>
                <![CDATA[QP 3 - M1 - Assignment 9]]>
              </value>
            </param>
            <param index="1">
              <value>
                <![CDATA[D:\AutoTestData_Chrome\Upload\OptionalQuestion\QP 3 - M1 - Assignment 9_Mayur Mulay_AutoTestingMMB.xlsx]]>
              </value>
            </param>
          </params>
          <reporter-output>
          </reporter-output>
        </test-method> <!-- upload_gradebook -->
      </class> <!-- Teacher.UploadFile -->
    </test> <!-- Upload QP 3 - M1 - Assignment 9 -->
    <test name="Upload QP 3 - M2- Assignment 10" duration-ms="99468" started-at="2017-05-16T08:13:34Z" finished-at="2017-05-16T08:15:14Z">
      <class name="Common.ChangeSection">
        <test-method status="PASS" signature="selectSection(java.lang.String)[pri:0, instance:Common.ChangeSection@6d00a15d]" name="selectSection" duration-ms="27200" started-at="2017-05-16T13:43:34Z" finished-at="2017-05-16T13:44:01Z">
          <params>
            <param index="0">
              <value>
                <![CDATA[AutoTestingMM_B]]>
              </value>
            </param>
          </params>
          <reporter-output>
          </reporter-output>
        </test-method> <!-- selectSection -->
      </class> <!-- Common.ChangeSection -->
      <class name="Teacher.UploadFile">
        <test-method status="PASS" signature="upload_gradebook(java.lang.String, java.lang.String)[pri:0, instance:Teacher.UploadFile@51efea79]" name="upload_gradebook" duration-ms="72264" started-at="2017-05-16T13:44:01Z" finished-at="2017-05-16T13:45:14Z">
          <params>
            <param index="0">
              <value>
                <![CDATA[QP 3 - M2- Assignment 10]]>
              </value>
            </param>
            <param index="1">
              <value>
                <![CDATA[D:\AutoTestData_Chrome\Upload\OptionalQuestion\QP 3 - M2- Assignment 10_Mayur Mulay_AutoTestingMMB.xlsx]]>
              </value>
            </param>
          </params>
          <reporter-output>
          </reporter-output>
        </test-method> <!-- upload_gradebook -->
      </class> <!-- Teacher.UploadFile -->
    </test> <!-- Upload QP 3 - M2- Assignment 10 -->
    <test name="Upload Lab - SimpleOptional Assignment -2" duration-ms="97940" started-at="2017-05-16T08:15:14Z" finished-at="2017-05-16T08:16:52Z">
      <class name="Common.ChangeSection">
        <test-method status="PASS" signature="selectSection(java.lang.String)[pri:0, instance:Common.ChangeSection@62ee68d8]" name="selectSection" duration-ms="26307" started-at="2017-05-16T13:45:14Z" finished-at="2017-05-16T13:45:40Z">
          <params>
            <param index="0">
              <value>
                <![CDATA[AutoTestingMM_B]]>
              </value>
            </param>
          </params>
          <reporter-output>
          </reporter-output>
        </test-method> <!-- selectSection -->
      </class> <!-- Common.ChangeSection -->
      <class name="Teacher.UploadFile">
        <test-method status="PASS" signature="upload_gradebook(java.lang.String, java.lang.String)[pri:0, instance:Teacher.UploadFile@735b5592]" name="upload_gradebook" duration-ms="71633" started-at="2017-05-16T13:45:40Z" finished-at="2017-05-16T13:46:52Z">
          <params>
            <param index="0">
              <value>
                <![CDATA[Lab - SimpleOptional Assignment -2]]>
              </value>
            </param>
            <param index="1">
              <value>
                <![CDATA[D:\AutoTestData_Chrome\Upload\OptionalQuestion\Lab - SimpleOptional Assignment -2_Mayur Mulay_AutoTestingMMB.xlsx]]>
              </value>
            </param>
          </params>
          <reporter-output>
          </reporter-output>
        </test-method> <!-- upload_gradebook -->
      </class> <!-- Teacher.UploadFile -->
    </test> <!-- Upload Lab - SimpleOptional Assignment -2 -->
    <test name="Upload QP 4 - M1 - Assignment 11" duration-ms="100471" started-at="2017-05-16T08:16:52Z" finished-at="2017-05-16T08:18:32Z">
      <class name="Common.ChangeSection">
        <test-method status="PASS" signature="selectSection(java.lang.String)[pri:0, instance:Common.ChangeSection@4f933fd1]" name="selectSection" duration-ms="27576" started-at="2017-05-16T13:46:52Z" finished-at="2017-05-16T13:47:19Z">
          <params>
            <param index="0">
              <value>
                <![CDATA[AutoTestingMM_B]]>
              </value>
            </param>
          </params>
          <reporter-output>
          </reporter-output>
        </test-method> <!-- selectSection -->
      </class> <!-- Common.ChangeSection -->
      <class name="Teacher.UploadFile">
        <test-method status="PASS" signature="upload_gradebook(java.lang.String, java.lang.String)[pri:0, instance:Teacher.UploadFile@548a9f61]" name="upload_gradebook" duration-ms="72894" started-at="2017-05-16T13:47:19Z" finished-at="2017-05-16T13:48:32Z">
          <params>
            <param index="0">
              <value>
                <![CDATA[QP 4 - M1 - Assignment 11]]>
              </value>
            </param>
            <param index="1">
              <value>
                <![CDATA[D:\AutoTestData_Chrome\Upload\OptionalQuestion\QP 4 - M1 - Assignment 11_Mayur Mulay_AutoTestingMMB.xlsx]]>
              </value>
            </param>
          </params>
          <reporter-output>
          </reporter-output>
        </test-method> <!-- upload_gradebook -->
      </class> <!-- Teacher.UploadFile -->
    </test> <!-- Upload QP 4 - M1 - Assignment 11 -->
    <test name="Upload QP 4 - M2 - Assignment 12" duration-ms="100641" started-at="2017-05-16T08:18:32Z" finished-at="2017-05-16T08:20:13Z">
      <class name="Common.ChangeSection">
        <test-method status="PASS" signature="selectSection(java.lang.String)[pri:0, instance:Common.ChangeSection@68be2bc2]" name="selectSection" duration-ms="27965" started-at="2017-05-16T13:48:32Z" finished-at="2017-05-16T13:49:00Z">
          <params>
            <param index="0">
              <value>
                <![CDATA[AutoTestingMM_B]]>
              </value>
            </param>
          </params>
          <reporter-output>
          </reporter-output>
        </test-method> <!-- selectSection -->
      </class> <!-- Common.ChangeSection -->
      <class name="Teacher.UploadFile">
        <test-method status="PASS" signature="upload_gradebook(java.lang.String, java.lang.String)[pri:0, instance:Teacher.UploadFile@28feb3fa]" name="upload_gradebook" duration-ms="72674" started-at="2017-05-16T13:49:00Z" finished-at="2017-05-16T13:50:13Z">
          <params>
            <param index="0">
              <value>
                <![CDATA[QP 4 - M2 - Assignment 12]]>
              </value>
            </param>
            <param index="1">
              <value>
                <![CDATA[D:\AutoTestData_Chrome\Upload\OptionalQuestion\QP 4 - M2 - Assignment 12_Mayur Mulay_AutoTestingMMB.xlsx]]>
              </value>
            </param>
          </params>
          <reporter-output>
          </reporter-output>
        </test-method> <!-- upload_gradebook -->
      </class> <!-- Teacher.UploadFile -->
    </test> <!-- Upload QP 4 - M2 - Assignment 12 -->
    <test name="Upload Lab Gradebook DQ In Section 2" duration-ms="99148" started-at="2017-05-16T08:20:13Z" finished-at="2017-05-16T08:21:52Z">
      <class name="Common.ChangeSection">
        <test-method status="PASS" signature="selectSection(java.lang.String)[pri:0, instance:Common.ChangeSection@4cc0edeb]" name="selectSection" duration-ms="27333" started-at="2017-05-16T13:50:13Z" finished-at="2017-05-16T13:50:40Z">
          <params>
            <param index="0">
              <value>
                <![CDATA[AutoTestingMM_B]]>
              </value>
            </param>
          </params>
          <reporter-output>
          </reporter-output>
        </test-method> <!-- selectSection -->
      </class> <!-- Common.ChangeSection -->
      <class name="Teacher.UploadFile">
        <test-method status="PASS" signature="upload_gradebook(java.lang.String, java.lang.String)[pri:0, instance:Teacher.UploadFile@457e2f02]" name="upload_gradebook" duration-ms="71815" started-at="2017-05-16T13:50:40Z" finished-at="2017-05-16T13:51:52Z">
          <params>
            <param index="0">
              <value>
                <![CDATA[QP 3 - M2- Assignment 10]]>
              </value>
            </param>
            <param index="1">
              <value>
                <![CDATA[D:\AutoTestData_Chrome\Upload\OptionalQuestion\QP 3 - M2- Assignment 10_Mayur Mulay_AutoTestingMMB.xlsx]]>
              </value>
            </param>
          </params>
          <reporter-output>
          </reporter-output>
        </test-method> <!-- upload_gradebook -->
      </class> <!-- Teacher.UploadFile -->
    </test> <!-- Upload Lab Gradebook DQ In Section 2 -->
    <test name="Upload Lab - SimpleOptional4of6" duration-ms="99603" started-at="2017-05-16T08:21:52Z" finished-at="2017-05-16T08:23:31Z">
      <class name="Common.ChangeSection">
        <test-method status="PASS" signature="selectSection(java.lang.String)[pri:0, instance:Common.ChangeSection@29ee9faa]" name="selectSection" duration-ms="27356" started-at="2017-05-16T13:51:52Z" finished-at="2017-05-16T13:52:19Z">
          <params>
            <param index="0">
              <value>
                <![CDATA[AutoTestingMM_B]]>
              </value>
            </param>
          </params>
          <reporter-output>
          </reporter-output>
        </test-method> <!-- selectSection -->
      </class> <!-- Common.ChangeSection -->
      <class name="Teacher.UploadFile">
        <test-method status="PASS" signature="upload_gradebook(java.lang.String, java.lang.String)[pri:0, instance:Teacher.UploadFile@c038203]" name="upload_gradebook" duration-ms="72245" started-at="2017-05-16T13:52:19Z" finished-at="2017-05-16T13:53:31Z">
          <params>
            <param index="0">
              <value>
                <![CDATA[Lab - SimpleOptional4of6]]>
              </value>
            </param>
            <param index="1">
              <value>
                <![CDATA[D:\AutoTestData_Chrome\Upload\OptionalQuestion\Lab - SimpleOptional4of6_Mayur Mulay_AutoTestingMMB.xlsx]]>
              </value>
            </param>
          </params>
          <reporter-output>
          </reporter-output>
        </test-method> <!-- upload_gradebook -->
      </class> <!-- Teacher.UploadFile -->
    </test> <!-- Upload Lab - SimpleOptional4of6 -->
    <test name="Upload Lab - SetOptionalDiffCO" duration-ms="90455" started-at="2017-05-16T08:23:31Z" finished-at="2017-05-16T08:25:02Z">
      <class name="Common.ChangeSection">
        <test-method status="PASS" signature="selectSection(java.lang.String)[pri:0, instance:Common.ChangeSection@4b9e13df]" name="selectSection" duration-ms="27830" started-at="2017-05-16T13:53:31Z" finished-at="2017-05-16T13:53:59Z">
          <params>
            <param index="0">
              <value>
                <![CDATA[AutoTestingMM_B]]>
              </value>
            </param>
          </params>
          <reporter-output>
          </reporter-output>
        </test-method> <!-- selectSection -->
      </class> <!-- Common.ChangeSection -->
      <class name="Teacher.UploadFile">
        <test-method status="FAIL" signature="upload_gradebook(java.lang.String, java.lang.String)[pri:0, instance:Teacher.UploadFile@2b98378d]" name="upload_gradebook" duration-ms="62621" started-at="2017-05-16T13:53:59Z" finished-at="2017-05-16T13:55:02Z">
          <params>
            <param index="0">
              <value>
                <![CDATA[Lab - SetOptionalDiffCO]]>
              </value>
            </param>
            <param index="1">
              <value>
                <![CDATA[D:\AutoTestData_Chrome\Upload\OptionalQuestion\Lab - SetOptionalDiffCO_Mayur Mulay_AutoTestingMMB.xlsx]]>
              </value>
            </param>
          </params>
          <exception class="org.openqa.selenium.NoAlertPresentException">
            <message>
              <![CDATA[no alert open
  (Session info: chrome=57.0.2987.133)
  (Driver info: chromedriver=2.29.461591 (62ebf098771772160f391d75e589dc567915b233),platform=Windows NT 6.1.7601 SP1 x86_64) (WARNING: The server did not provide any stacktrace information)
Command duration or timeout: 1 milliseconds
Build info: version: '2.47.1', revision: '411b314', time: '2015-07-30 02:56:46'
System info: host: 'User-PC', ip: '192.168.2.12', os.name: 'Windows 7', os.arch: 'amd64', os.version: '6.1', java.version: '1.8.0_131'
Driver info: org.openqa.selenium.chrome.ChromeDriver
Capabilities [{applicationCacheEnabled=false, rotatable=false, mobileEmulationEnabled=false, networkConnectionEnabled=false, chrome={chromedriverVersion=2.29.461591 (62ebf098771772160f391d75e589dc567915b233), userDataDir=C:\Users\User\AppData\Local\Temp\scoped_dir4232_14968}, takesHeapSnapshot=true, pageLoadStrategy=normal, databaseEnabled=false, handlesAlerts=true, hasTouchScreen=false, version=57.0.2987.133, platform=XP, browserConnectionEnabled=false, nativeEvents=true, acceptSslCerts=true, locationContextEnabled=true, webStorageEnabled=true, browserName=chrome, takesScreenshot=true, javascriptEnabled=true, cssSelectorsEnabled=true, unexpectedAlertBehaviour=}]
Session ID: 8dbe4cfa43186d74239e1ade0506d065]]>
            </message>
            <full-stacktrace>
              <![CDATA[org.openqa.selenium.NoAlertPresentException: no alert open
  (Session info: chrome=57.0.2987.133)
  (Driver info: chromedriver=2.29.461591 (62ebf098771772160f391d75e589dc567915b233),platform=Windows NT 6.1.7601 SP1 x86_64) (WARNING: The server did not provide any stacktrace information)
Command duration or timeout: 1 milliseconds
Build info: version: '2.47.1', revision: '411b314', time: '2015-07-30 02:56:46'
System info: host: 'User-PC', ip: '192.168.2.12', os.name: 'Windows 7', os.arch: 'amd64', os.version: '6.1', java.version: '1.8.0_131'
Driver info: org.openqa.selenium.chrome.ChromeDriver
Capabilities [{applicationCacheEnabled=false, rotatable=false, mobileEmulationEnabled=false, networkConnectionEnabled=false, chrome={chromedriverVersion=2.29.461591 (62ebf098771772160f391d75e589dc567915b233), userDataDir=C:\Users\User\AppData\Local\Temp\scoped_dir4232_14968}, takesHeapSnapshot=true, pageLoadStrategy=normal, databaseEnabled=false, handlesAlerts=true, hasTouchScreen=false, version=57.0.2987.133, platform=XP, browserConnectionEnabled=false, nativeEvents=true, acceptSslCerts=true, locationContextEnabled=true, webStorageEnabled=true, browserName=chrome, takesScreenshot=true, javascriptEnabled=true, cssSelectorsEnabled=true, unexpectedAlertBehaviour=}]
Session ID: 8dbe4cfa43186d74239e1ade0506d065
	at sun.reflect.GeneratedConstructorAccessor16.newInstance(Unknown Source)
	at sun.reflect.DelegatingConstructorAccessorImpl.newInstance(Unknown Source)
	at java.lang.reflect.Constructor.newInstance(Unknown Source)
	at org.openqa.selenium.remote.ErrorHandler.createThrowable(ErrorHandler.java:206)
	at org.openqa.selenium.remote.ErrorHandler.throwIfResponseFailed(ErrorHandler.java:158)
	at org.openqa.selenium.remote.RemoteWebDriver.execute(RemoteWebDriver.java:595)
	at org.openqa.selenium.remote.RemoteWebDriver.execute(RemoteWebDriver.java:618)
	at org.openqa.selenium.remote.RemoteWebDriver$RemoteTargetLocator.alert(RemoteWebDriver.java:912)
	at Teacher.UploadFile.upload_gradebook(UploadFile.java:88)
	at sun.reflect.GeneratedMethodAccessor3.invoke(Unknown Source)
	at sun.reflect.DelegatingMethodAccessorImpl.invoke(Unknown Source)
	at java.lang.reflect.Method.invoke(Unknown Source)
	at org.testng.internal.MethodInvocationHelper.invokeMethod(MethodInvocationHelper.java:86)
	at org.testng.internal.Invoker.invokeMethod(Invoker.java:646)
	at org.testng.internal.Invoker.invokeTestMethod(Invoker.java:823)
	at org.testng.internal.Invoker.invokeTestMethods(Invoker.java:1131)
	at org.testng.internal.TestMethodWorker.invokeTestMethods(TestMethodWorker.java:129)
	at org.testng.internal.TestMethodWorker.run(TestMethodWorker.java:112)
	at java.util.concurrent.ThreadPoolExecutor.runWorker(Unknown Source)
	at java.util.concurrent.ThreadPoolExecutor$Worker.run(Unknown Source)
	at java.lang.Thread.run(Unknown Source)
]]>
            </full-stacktrace>
          </exception> <!-- org.openqa.selenium.NoAlertPresentException -->
          <reporter-output>
          </reporter-output>
        </test-method> <!-- upload_gradebook -->
      </class> <!-- Teacher.UploadFile -->
    </test> <!-- Upload Lab - SetOptionalDiffCO -->
    <test name="Upload Lab - SetOptional with Q optional Assignment -4" duration-ms="95823" started-at="2017-05-16T08:25:02Z" finished-at="2017-05-16T08:26:38Z">
      <class name="Common.ChangeSection">
        <test-method status="PASS" signature="selectSection(java.lang.String)[pri:0, instance:Common.ChangeSection@14acaea5]" name="selectSection" duration-ms="2160" started-at="2017-05-16T13:55:02Z" finished-at="2017-05-16T13:55:04Z">
          <params>
            <param index="0">
              <value>
                <![CDATA[AutoTestingMM_B]]>
              </value>
            </param>
          </params>
          <reporter-output>
          </reporter-output>
        </test-method> <!-- selectSection -->
      </class> <!-- Common.ChangeSection -->
      <class name="Teacher.UploadFile">
        <test-method status="PASS" signature="upload_gradebook(java.lang.String, java.lang.String)[pri:0, instance:Teacher.UploadFile@46d56d67]" name="upload_gradebook" duration-ms="93663" started-at="2017-05-16T13:55:04Z" finished-at="2017-05-16T13:56:38Z">
          <params>
            <param index="0">
              <value>
                <![CDATA[Lab - SetOptional with Q optional Assignment -4]]>
              </value>
            </param>
            <param index="1">
              <value>
                <![CDATA[D:\AutoTestData_Chrome\Upload\OptionalQuestion\Lab - SetOptional with Q optional Assignment -4_Mayur Mulay_AutoTestingMMB.xlsx]]>
              </value>
            </param>
          </params>
          <reporter-output>
          </reporter-output>
        </test-method> <!-- upload_gradebook -->
      </class> <!-- Teacher.UploadFile -->
    </test> <!-- Upload Lab - SetOptional with Q optional Assignment -4 -->
    <test name="Upload Lab - SetOptional - Assignment -3" duration-ms="100963" started-at="2017-05-16T08:26:38Z" finished-at="2017-05-16T08:28:19Z">
      <class name="Common.ChangeSection">
        <test-method status="PASS" signature="selectSection(java.lang.String)[pri:0, instance:Common.ChangeSection@5b275dab]" name="selectSection" duration-ms="28795" started-at="2017-05-16T13:56:38Z" finished-at="2017-05-16T13:57:06Z">
          <params>
            <param index="0">
              <value>
                <![CDATA[AutoTestingMM_B]]>
              </value>
            </param>
          </params>
          <reporter-output>
          </reporter-output>
        </test-method> <!-- selectSection -->
      </class> <!-- Common.ChangeSection -->
      <class name="Teacher.UploadFile">
        <test-method status="PASS" signature="upload_gradebook(java.lang.String, java.lang.String)[pri:0, instance:Teacher.UploadFile@61832929]" name="upload_gradebook" duration-ms="72167" started-at="2017-05-16T13:57:06Z" finished-at="2017-05-16T13:58:19Z">
          <params>
            <param index="0">
              <value>
                <![CDATA[Lab - SetOptional - Assignment -3]]>
              </value>
            </param>
            <param index="1">
              <value>
                <![CDATA[D:\AutoTestData_Chrome\Upload\OptionalQuestion\Lab - SetOptional - Assignment -3_Mayur Mulay_AutoTestingMMB.xlsx]]>
              </value>
            </param>
          </params>
          <reporter-output>
          </reporter-output>
        </test-method> <!-- upload_gradebook -->
      </class> <!-- Teacher.UploadFile -->
    </test> <!-- Upload Lab - SetOptional - Assignment -3 -->
    <test name="Upload Lab - Optional question- Assignment 1" duration-ms="98321" started-at="2017-05-16T08:28:19Z" finished-at="2017-05-16T08:29:57Z">
      <class name="Common.ChangeSection">
        <test-method status="PASS" signature="selectSection(java.lang.String)[pri:0, instance:Common.ChangeSection@68c4039c]" name="selectSection" duration-ms="26704" started-at="2017-05-16T13:58:19Z" finished-at="2017-05-16T13:58:45Z">
          <params>
            <param index="0">
              <value>
                <![CDATA[AutoTestingMM_B]]>
              </value>
            </param>
          </params>
          <reporter-output>
          </reporter-output>
        </test-method> <!-- selectSection -->
      </class> <!-- Common.ChangeSection -->
      <class name="Teacher.UploadFile">
        <test-method status="PASS" signature="upload_gradebook(java.lang.String, java.lang.String)[pri:0, instance:Teacher.UploadFile@ae45eb6]" name="upload_gradebook" duration-ms="71614" started-at="2017-05-16T13:58:45Z" finished-at="2017-05-16T13:59:57Z">
          <params>
            <param index="0">
              <value>
                <![CDATA[Lab - Optional question- Assignment 1]]>
              </value>
            </param>
            <param index="1">
              <value>
                <![CDATA[D:\AutoTestData_Chrome\Upload\OptionalQuestion\Lab - Optional question- Assignment 1_Mayur Mulay_AutoTestingMMB.xlsx]]>
              </value>
            </param>
          </params>
          <reporter-output>
          </reporter-output>
        </test-method> <!-- upload_gradebook -->
      </class> <!-- Teacher.UploadFile -->
    </test> <!-- Upload Lab - Optional question- Assignment 1 -->
    <test name="Upload Lab 2outof5(Group)" duration-ms="95765" started-at="2017-05-16T08:29:57Z" finished-at="2017-05-16T08:31:33Z">
      <class name="Common.ChangeSection">
        <test-method status="PASS" signature="selectSection(java.lang.String)[pri:0, instance:Common.ChangeSection@66a3ffec]" name="selectSection" duration-ms="27200" started-at="2017-05-16T13:59:57Z" finished-at="2017-05-16T14:00:24Z">
          <params>
            <param index="0">
              <value>
                <![CDATA[Lab1_AutoTestingMM]]>
              </value>
            </param>
          </params>
          <reporter-output>
          </reporter-output>
        </test-method> <!-- selectSection -->
      </class> <!-- Common.ChangeSection -->
      <class name="Teacher.UploadFile">
        <test-method status="PASS" signature="upload_gradebook(java.lang.String, java.lang.String)[pri:0, instance:Teacher.UploadFile@77caeb3e]" name="upload_gradebook" duration-ms="68565" started-at="2017-05-16T14:00:24Z" finished-at="2017-05-16T14:01:33Z">
          <params>
            <param index="0">
              <value>
                <![CDATA[2outof5(Group)]]>
              </value>
            </param>
            <param index="1">
              <value>
                <![CDATA[D:\AutoTestData_Chrome\Upload\OptionalQuestion\2outof5(Group)_Mayur Mulay_Lab1AutoTestingMM.xlsx]]>
              </value>
            </param>
          </params>
          <reporter-output>
          </reporter-output>
        </test-method> <!-- upload_gradebook -->
      </class> <!-- Teacher.UploadFile -->
    </test> <!-- Upload Lab 2outof5(Group) -->
    <test name="Upload 2outof5 mm" duration-ms="97273" started-at="2017-05-16T08:31:33Z" finished-at="2017-05-16T08:33:10Z">
      <class name="Common.ChangeSection">
        <test-method status="PASS" signature="selectSection(java.lang.String)[pri:0, instance:Common.ChangeSection@5c3bd550]" name="selectSection" duration-ms="27258" started-at="2017-05-16T14:01:33Z" finished-at="2017-05-16T14:02:00Z">
          <params>
            <param index="0">
              <value>
                <![CDATA[AutoTestingMM]]>
              </value>
            </param>
          </params>
          <reporter-output>
          </reporter-output>
        </test-method> <!-- selectSection -->
      </class> <!-- Common.ChangeSection -->
      <class name="Teacher.UploadFile">
        <test-method status="PASS" signature="upload_gradebook(java.lang.String, java.lang.String)[pri:0, instance:Teacher.UploadFile@91161c7]" name="upload_gradebook" duration-ms="70011" started-at="2017-05-16T14:02:00Z" finished-at="2017-05-16T14:03:10Z">
          <params>
            <param index="0">
              <value>
                <![CDATA[2outof5(WGroup)]]>
              </value>
            </param>
            <param index="1">
              <value>
                <![CDATA[D:\AutoTestData_Chrome\Upload\OptionalQuestion\2outof5(WGroup)_Mayur Mulay_AutoTestingMM.xlsx]]>
              </value>
            </param>
          </params>
          <reporter-output>
          </reporter-output>
        </test-method> <!-- upload_gradebook -->
      </class> <!-- Teacher.UploadFile -->
    </test> <!-- Upload 2outof5 mm -->
    <test name="Upload Lab - 3Outof5Set1OrSet2" duration-ms="97872" started-at="2017-05-16T08:33:10Z" finished-at="2017-05-16T08:34:48Z">
      <class name="Common.ChangeSection">
        <test-method status="PASS" signature="selectSection(java.lang.String)[pri:0, instance:Common.ChangeSection@6d4b1c02]" name="selectSection" duration-ms="27422" started-at="2017-05-16T14:03:10Z" finished-at="2017-05-16T14:03:37Z">
          <params>
            <param index="0">
              <value>
                <![CDATA[AutoTestingMM]]>
              </value>
            </param>
          </params>
          <reporter-output>
          </reporter-output>
        </test-method> <!-- selectSection -->
      </class> <!-- Common.ChangeSection -->
      <class name="Teacher.UploadFile">
        <test-method status="PASS" signature="upload_gradebook(java.lang.String, java.lang.String)[pri:0, instance:Teacher.UploadFile@6093dd95]" name="upload_gradebook" duration-ms="70448" started-at="2017-05-16T14:03:37Z" finished-at="2017-05-16T14:04:48Z">
          <params>
            <param index="0">
              <value>
                <![CDATA[3Outof5Set1OrSet2]]>
              </value>
            </param>
            <param index="1">
              <value>
                <![CDATA[D:\AutoTestData_Chrome\Upload\OptionalQuestion\3Outof5Set1OrSet2_Mayur Mulay_AutoTestingMM.xlsx]]>
              </value>
            </param>
          </params>
          <reporter-output>
          </reporter-output>
        </test-method> <!-- upload_gradebook -->
      </class> <!-- Teacher.UploadFile -->
    </test> <!-- Upload Lab - 3Outof5Set1OrSet2 -->
    <test name="Upload OptAssignment1 mm" duration-ms="96053" started-at="2017-05-16T08:34:48Z" finished-at="2017-05-16T08:36:24Z">
      <class name="Common.ChangeSection">
        <test-method status="PASS" signature="selectSection(java.lang.String)[pri:0, instance:Common.ChangeSection@42e26948]" name="selectSection" duration-ms="27230" started-at="2017-05-16T14:04:48Z" finished-at="2017-05-16T14:05:15Z">
          <params>
            <param index="0">
              <value>
                <![CDATA[Lab1_AutoTestingMM]]>
              </value>
            </param>
          </params>
          <reporter-output>
          </reporter-output>
        </test-method> <!-- selectSection -->
      </class> <!-- Common.ChangeSection -->
      <class name="Teacher.UploadFile">
        <test-method status="PASS" signature="upload_gradebook(java.lang.String, java.lang.String)[pri:0, instance:Teacher.UploadFile@57baeedf]" name="upload_gradebook" duration-ms="68821" started-at="2017-05-16T14:05:15Z" finished-at="2017-05-16T14:06:24Z">
          <params>
            <param index="0">
              <value>
                <![CDATA[OptAssignment1]]>
              </value>
            </param>
            <param index="1">
              <value>
                <![CDATA[D:\AutoTestData_Chrome\Upload\OptionalQuestion\OptAssignment1_Mayur Mulay_Lab1AutoTestingMM.xlsx]]>
              </value>
            </param>
          </params>
          <reporter-output>
          </reporter-output>
        </test-method> <!-- upload_gradebook -->
      </class> <!-- Teacher.UploadFile -->
    </test> <!-- Upload OptAssignment1 mm -->
    <test name="Upload OptAssignment2 mm" duration-ms="81022" started-at="2017-05-16T08:36:24Z" finished-at="2017-05-16T08:37:45Z">
      <class name="Common.ChangeSection">
        <test-method status="PASS" signature="selectSection(java.lang.String)[pri:0, instance:Common.ChangeSection@4667ae56]" name="selectSection" duration-ms="27386" started-at="2017-05-16T14:06:24Z" finished-at="2017-05-16T14:06:51Z">
          <params>
            <param index="0">
              <value>
                <![CDATA[AutoTestingMM]]>
              </value>
            </param>
          </params>
          <reporter-output>
          </reporter-output>
        </test-method> <!-- selectSection -->
      </class> <!-- Common.ChangeSection -->
      <class name="Teacher.UploadFile">
        <test-method status="FAIL" signature="upload_gradebook(java.lang.String, java.lang.String)[pri:0, instance:Teacher.UploadFile@77cd7a0]" name="upload_gradebook" duration-ms="53631" started-at="2017-05-16T14:06:51Z" finished-at="2017-05-16T14:07:45Z">
          <params>
            <param index="0">
              <value>
                <![CDATA[OptAssignment2]]>
              </value>
            </param>
            <param index="1">
              <value>
                <![CDATA[D:\AutoTestData_Chrome\Upload\OptionalQuestion\OptAssignment2_Mayur Mulay_AutoTestingMM.xlsx]]>
              </value>
            </param>
          </params>
          <exception class="org.openqa.selenium.NoAlertPresentException">
            <message>
              <![CDATA[no alert open
  (Session info: chrome=57.0.2987.133)
  (Driver info: chromedriver=2.29.461591 (62ebf098771772160f391d75e589dc567915b233),platform=Windows NT 6.1.7601 SP1 x86_64) (WARNING: The server did not provide any stacktrace information)
Command duration or timeout: 3 milliseconds
Build info: version: '2.47.1', revision: '411b314', time: '2015-07-30 02:56:46'
System info: host: 'User-PC', ip: '192.168.2.12', os.name: 'Windows 7', os.arch: 'amd64', os.version: '6.1', java.version: '1.8.0_131'
Driver info: org.openqa.selenium.chrome.ChromeDriver
Capabilities [{applicationCacheEnabled=false, rotatable=false, mobileEmulationEnabled=false, networkConnectionEnabled=false, chrome={chromedriverVersion=2.29.461591 (62ebf098771772160f391d75e589dc567915b233), userDataDir=C:\Users\User\AppData\Local\Temp\scoped_dir4232_14968}, takesHeapSnapshot=true, pageLoadStrategy=normal, databaseEnabled=false, handlesAlerts=true, hasTouchScreen=false, version=57.0.2987.133, platform=XP, browserConnectionEnabled=false, nativeEvents=true, acceptSslCerts=true, locationContextEnabled=true, webStorageEnabled=true, browserName=chrome, takesScreenshot=true, javascriptEnabled=true, cssSelectorsEnabled=true, unexpectedAlertBehaviour=}]
Session ID: 8dbe4cfa43186d74239e1ade0506d065]]>
            </message>
            <full-stacktrace>
              <![CDATA[org.openqa.selenium.NoAlertPresentException: no alert open
  (Session info: chrome=57.0.2987.133)
  (Driver info: chromedriver=2.29.461591 (62ebf098771772160f391d75e589dc567915b233),platform=Windows NT 6.1.7601 SP1 x86_64) (WARNING: The server did not provide any stacktrace information)
Command duration or timeout: 3 milliseconds
Build info: version: '2.47.1', revision: '411b314', time: '2015-07-30 02:56:46'
System info: host: 'User-PC', ip: '192.168.2.12', os.name: 'Windows 7', os.arch: 'amd64', os.version: '6.1', java.version: '1.8.0_131'
Driver info: org.openqa.selenium.chrome.ChromeDriver
Capabilities [{applicationCacheEnabled=false, rotatable=false, mobileEmulationEnabled=false, networkConnectionEnabled=false, chrome={chromedriverVersion=2.29.461591 (62ebf098771772160f391d75e589dc567915b233), userDataDir=C:\Users\User\AppData\Local\Temp\scoped_dir4232_14968}, takesHeapSnapshot=true, pageLoadStrategy=normal, databaseEnabled=false, handlesAlerts=true, hasTouchScreen=false, version=57.0.2987.133, platform=XP, browserConnectionEnabled=false, nativeEvents=true, acceptSslCerts=true, locationContextEnabled=true, webStorageEnabled=true, browserName=chrome, takesScreenshot=true, javascriptEnabled=true, cssSelectorsEnabled=true, unexpectedAlertBehaviour=}]
Session ID: 8dbe4cfa43186d74239e1ade0506d065
	at sun.reflect.GeneratedConstructorAccessor16.newInstance(Unknown Source)
	at sun.reflect.DelegatingConstructorAccessorImpl.newInstance(Unknown Source)
	at java.lang.reflect.Constructor.newInstance(Unknown Source)
	at org.openqa.selenium.remote.ErrorHandler.createThrowable(ErrorHandler.java:206)
	at org.openqa.selenium.remote.ErrorHandler.throwIfResponseFailed(ErrorHandler.java:158)
	at org.openqa.selenium.remote.RemoteWebDriver.execute(RemoteWebDriver.java:595)
	at org.openqa.selenium.remote.RemoteWebDriver.execute(RemoteWebDriver.java:618)
	at org.openqa.selenium.remote.RemoteWebDriver$RemoteTargetLocator.alert(RemoteWebDriver.java:912)
	at Teacher.UploadFile.upload_gradebook(UploadFile.java:88)
	at sun.reflect.GeneratedMethodAccessor3.invoke(Unknown Source)
	at sun.reflect.DelegatingMethodAccessorImpl.invoke(Unknown Source)
	at java.lang.reflect.Method.invoke(Unknown Source)
	at org.testng.internal.MethodInvocationHelper.invokeMethod(MethodInvocationHelper.java:86)
	at org.testng.internal.Invoker.invokeMethod(Invoker.java:646)
	at org.testng.internal.Invoker.invokeTestMethod(Invoker.java:823)
	at org.testng.internal.Invoker.invokeTestMethods(Invoker.java:1131)
	at org.testng.internal.TestMethodWorker.invokeTestMethods(TestMethodWorker.java:129)
	at org.testng.internal.TestMethodWorker.run(TestMethodWorker.java:112)
	at java.util.concurrent.ThreadPoolExecutor.runWorker(Unknown Source)
	at java.util.concurrent.ThreadPoolExecutor$Worker.run(Unknown Source)
	at java.lang.Thread.run(Unknown Source)
]]>
            </full-stacktrace>
          </exception> <!-- org.openqa.selenium.NoAlertPresentException -->
          <reporter-output>
          </reporter-output>
        </test-method> <!-- upload_gradebook -->
      </class> <!-- Teacher.UploadFile -->
    </test> <!-- Upload OptAssignment2 mm -->
    <test name="Upload Set1OptionalSet2Comp mm" duration-ms="46393" started-at="2017-05-16T08:37:45Z" finished-at="2017-05-16T08:38:31Z">
      <class name="Common.ChangeSection">
        <test-method status="PASS" signature="selectSection(java.lang.String)[pri:0, instance:Common.ChangeSection@6eebc39e]" name="selectSection" duration-ms="45258" started-at="2017-05-16T14:07:45Z" finished-at="2017-05-16T14:08:30Z">
          <params>
            <param index="0">
              <value>
                <![CDATA[AutoTestingMM]]>
              </value>
            </param>
          </params>
          <reporter-output>
          </reporter-output>
        </test-method> <!-- selectSection -->
      </class> <!-- Common.ChangeSection -->
      <class name="Teacher.UploadFile">
        <test-method status="FAIL" signature="upload_gradebook(java.lang.String, java.lang.String)[pri:0, instance:Teacher.UploadFile@464bee09]" name="upload_gradebook" duration-ms="1134" started-at="2017-05-16T14:08:30Z" finished-at="2017-05-16T14:08:31Z">
          <params>
            <param index="0">
              <value>
                <![CDATA[Set1OptionalSet2Comp]]>
              </value>
            </param>
            <param index="1">
              <value>
                <![CDATA[D:\AutoTestData_Chrome\Upload\OptionalQuestion\Set1OptionalSet2Comp_Mayur Mulay_AutoTestingMM.xlsx]]>
              </value>
            </param>
          </params>
          <exception class="org.openqa.selenium.WebDriverException">
            <message>
              <![CDATA[unknown error: Element <span class="menu-title">...</span> is not clickable at point (91, 172). Other element would receive the click: <div class="ui-widget-overlay ui-front" style="z-index: 100;"></div>
  (Session info: chrome=57.0.2987.133)
  (Driver info: chromedriver=2.29.461591 (62ebf098771772160f391d75e589dc567915b233),platform=Windows NT 6.1.7601 SP1 x86_64) (WARNING: The server did not provide any stacktrace information)
Command duration or timeout: 18 milliseconds
Build info: version: '2.47.1', revision: '411b314', time: '2015-07-30 02:56:46'
System info: host: 'User-PC', ip: '192.168.2.12', os.name: 'Windows 7', os.arch: 'amd64', os.version: '6.1', java.version: '1.8.0_131'
Driver info: org.openqa.selenium.chrome.ChromeDriver
Capabilities [{applicationCacheEnabled=false, rotatable=false, mobileEmulationEnabled=false, networkConnectionEnabled=false, chrome={chromedriverVersion=2.29.461591 (62ebf098771772160f391d75e589dc567915b233), userDataDir=C:\Users\User\AppData\Local\Temp\scoped_dir4232_14968}, takesHeapSnapshot=true, pageLoadStrategy=normal, databaseEnabled=false, handlesAlerts=true, hasTouchScreen=false, version=57.0.2987.133, platform=XP, browserConnectionEnabled=false, nativeEvents=true, acceptSslCerts=true, locationContextEnabled=true, webStorageEnabled=true, browserName=chrome, takesScreenshot=true, javascriptEnabled=true, cssSelectorsEnabled=true, unexpectedAlertBehaviour=}]
Session ID: 8dbe4cfa43186d74239e1ade0506d065]]>
            </message>
            <full-stacktrace>
              <![CDATA[org.openqa.selenium.WebDriverException: unknown error: Element <span class="menu-title">...</span> is not clickable at point (91, 172). Other element would receive the click: <div class="ui-widget-overlay ui-front" style="z-index: 100;"></div>
  (Session info: chrome=57.0.2987.133)
  (Driver info: chromedriver=2.29.461591 (62ebf098771772160f391d75e589dc567915b233),platform=Windows NT 6.1.7601 SP1 x86_64) (WARNING: The server did not provide any stacktrace information)
Command duration or timeout: 18 milliseconds
Build info: version: '2.47.1', revision: '411b314', time: '2015-07-30 02:56:46'
System info: host: 'User-PC', ip: '192.168.2.12', os.name: 'Windows 7', os.arch: 'amd64', os.version: '6.1', java.version: '1.8.0_131'
Driver info: org.openqa.selenium.chrome.ChromeDriver
Capabilities [{applicationCacheEnabled=false, rotatable=false, mobileEmulationEnabled=false, networkConnectionEnabled=false, chrome={chromedriverVersion=2.29.461591 (62ebf098771772160f391d75e589dc567915b233), userDataDir=C:\Users\User\AppData\Local\Temp\scoped_dir4232_14968}, takesHeapSnapshot=true, pageLoadStrategy=normal, databaseEnabled=false, handlesAlerts=true, hasTouchScreen=false, version=57.0.2987.133, platform=XP, browserConnectionEnabled=false, nativeEvents=true, acceptSslCerts=true, locationContextEnabled=true, webStorageEnabled=true, browserName=chrome, takesScreenshot=true, javascriptEnabled=true, cssSelectorsEnabled=true, unexpectedAlertBehaviour=}]
Session ID: 8dbe4cfa43186d74239e1ade0506d065
	at sun.reflect.GeneratedConstructorAccessor15.newInstance(Unknown Source)
	at sun.reflect.DelegatingConstructorAccessorImpl.newInstance(Unknown Source)
	at java.lang.reflect.Constructor.newInstance(Unknown Source)
	at org.openqa.selenium.remote.ErrorHandler.createThrowable(ErrorHandler.java:206)
	at org.openqa.selenium.remote.ErrorHandler.throwIfResponseFailed(ErrorHandler.java:158)
	at org.openqa.selenium.remote.RemoteWebDriver.execute(RemoteWebDriver.java:595)
	at org.openqa.selenium.remote.RemoteWebElement.execute(RemoteWebElement.java:273)
	at org.openqa.selenium.remote.RemoteWebElement.click(RemoteWebElement.java:84)
	at Common.Gototab.execute(Gototab.java:25)
	at Common.Gototab.main(Gototab.java:11)
	at Teacher.UploadFile.upload_gradebook(UploadFile.java:34)
	at sun.reflect.GeneratedMethodAccessor3.invoke(Unknown Source)
	at sun.reflect.DelegatingMethodAccessorImpl.invoke(Unknown Source)
	at java.lang.reflect.Method.invoke(Unknown Source)
	at org.testng.internal.MethodInvocationHelper.invokeMethod(MethodInvocationHelper.java:86)
	at org.testng.internal.Invoker.invokeMethod(Invoker.java:646)
	at org.testng.internal.Invoker.invokeTestMethod(Invoker.java:823)
	at org.testng.internal.Invoker.invokeTestMethods(Invoker.java:1131)
	at org.testng.internal.TestMethodWorker.invokeTestMethods(TestMethodWorker.java:129)
	at org.testng.internal.TestMethodWorker.run(TestMethodWorker.java:112)
	at java.util.concurrent.ThreadPoolExecutor.runWorker(Unknown Source)
	at java.util.concurrent.ThreadPoolExecutor$Worker.run(Unknown Source)
	at java.lang.Thread.run(Unknown Source)
]]>
            </full-stacktrace>
          </exception> <!-- org.openqa.selenium.WebDriverException -->
          <reporter-output>
          </reporter-output>
        </test-method> <!-- upload_gradebook -->
      </class> <!-- Teacher.UploadFile -->
    </test> <!-- Upload Set1OptionalSet2Comp mm -->
    <test name="Upload  Set1OrSet2(DiffCountofQ)mm " duration-ms="46370" started-at="2017-05-16T08:38:31Z" finished-at="2017-05-16T08:39:18Z">
      <class name="Common.ChangeSection">
        <test-method status="PASS" signature="selectSection(java.lang.String)[pri:0, instance:Common.ChangeSection@31ef45e3]" name="selectSection" duration-ms="45244" started-at="2017-05-16T14:08:31Z" finished-at="2017-05-16T14:09:17Z">
          <params>
            <param index="0">
              <value>
                <![CDATA[Lab1_AutoTestingMM]]>
              </value>
            </param>
          </params>
          <reporter-output>
          </reporter-output>
        </test-method> <!-- selectSection -->
      </class> <!-- Common.ChangeSection -->
      <class name="Teacher.UploadFile">
        <test-method status="FAIL" signature="upload_gradebook(java.lang.String, java.lang.String)[pri:0, instance:Teacher.UploadFile@598067a5]" name="upload_gradebook" duration-ms="1124" started-at="2017-05-16T14:09:17Z" finished-at="2017-05-16T14:09:18Z">
          <params>
            <param index="0">
              <value>
                <![CDATA[Set1OrSet2(DiffCountofQ)]]>
              </value>
            </param>
            <param index="1">
              <value>
                <![CDATA[D:\AutoTestData_Chrome\Upload\OptionalQuestion\Set1OrSet2(DiffCountofQ)_Mayur Mulay_Lab1AutoTestingMM.xlsx]]>
              </value>
            </param>
          </params>
          <exception class="org.openqa.selenium.WebDriverException">
            <message>
              <![CDATA[unknown error: Element <span class="menu-title">...</span> is not clickable at point (91, 172). Other element would receive the click: <div class="ui-widget-overlay ui-front" style="z-index: 100;"></div>
  (Session info: chrome=57.0.2987.133)
  (Driver info: chromedriver=2.29.461591 (62ebf098771772160f391d75e589dc567915b233),platform=Windows NT 6.1.7601 SP1 x86_64) (WARNING: The server did not provide any stacktrace information)
Command duration or timeout: 19 milliseconds
Build info: version: '2.47.1', revision: '411b314', time: '2015-07-30 02:56:46'
System info: host: 'User-PC', ip: '192.168.2.12', os.name: 'Windows 7', os.arch: 'amd64', os.version: '6.1', java.version: '1.8.0_131'
Driver info: org.openqa.selenium.chrome.ChromeDriver
Capabilities [{applicationCacheEnabled=false, rotatable=false, mobileEmulationEnabled=false, networkConnectionEnabled=false, chrome={chromedriverVersion=2.29.461591 (62ebf098771772160f391d75e589dc567915b233), userDataDir=C:\Users\User\AppData\Local\Temp\scoped_dir4232_14968}, takesHeapSnapshot=true, pageLoadStrategy=normal, databaseEnabled=false, handlesAlerts=true, hasTouchScreen=false, version=57.0.2987.133, platform=XP, browserConnectionEnabled=false, nativeEvents=true, acceptSslCerts=true, locationContextEnabled=true, webStorageEnabled=true, browserName=chrome, takesScreenshot=true, javascriptEnabled=true, cssSelectorsEnabled=true, unexpectedAlertBehaviour=}]
Session ID: 8dbe4cfa43186d74239e1ade0506d065]]>
            </message>
            <full-stacktrace>
              <![CDATA[org.openqa.selenium.WebDriverException: unknown error: Element <span class="menu-title">...</span> is not clickable at point (91, 172). Other element would receive the click: <div class="ui-widget-overlay ui-front" style="z-index: 100;"></div>
  (Session info: chrome=57.0.2987.133)
  (Driver info: chromedriver=2.29.461591 (62ebf098771772160f391d75e589dc567915b233),platform=Windows NT 6.1.7601 SP1 x86_64) (WARNING: The server did not provide any stacktrace information)
Command duration or timeout: 19 milliseconds
Build info: version: '2.47.1', revision: '411b314', time: '2015-07-30 02:56:46'
System info: host: 'User-PC', ip: '192.168.2.12', os.name: 'Windows 7', os.arch: 'amd64', os.version: '6.1', java.version: '1.8.0_131'
Driver info: org.openqa.selenium.chrome.ChromeDriver
Capabilities [{applicationCacheEnabled=false, rotatable=false, mobileEmulationEnabled=false, networkConnectionEnabled=false, chrome={chromedriverVersion=2.29.461591 (62ebf098771772160f391d75e589dc567915b233), userDataDir=C:\Users\User\AppData\Local\Temp\scoped_dir4232_14968}, takesHeapSnapshot=true, pageLoadStrategy=normal, databaseEnabled=false, handlesAlerts=true, hasTouchScreen=false, version=57.0.2987.133, platform=XP, browserConnectionEnabled=false, nativeEvents=true, acceptSslCerts=true, locationContextEnabled=true, webStorageEnabled=true, browserName=chrome, takesScreenshot=true, javascriptEnabled=true, cssSelectorsEnabled=true, unexpectedAlertBehaviour=}]
Session ID: 8dbe4cfa43186d74239e1ade0506d065
	at sun.reflect.GeneratedConstructorAccessor15.newInstance(Unknown Source)
	at sun.reflect.DelegatingConstructorAccessorImpl.newInstance(Unknown Source)
	at java.lang.reflect.Constructor.newInstance(Unknown Source)
	at org.openqa.selenium.remote.ErrorHandler.createThrowable(ErrorHandler.java:206)
	at org.openqa.selenium.remote.ErrorHandler.throwIfResponseFailed(ErrorHandler.java:158)
	at org.openqa.selenium.remote.RemoteWebDriver.execute(RemoteWebDriver.java:595)
	at org.openqa.selenium.remote.RemoteWebElement.execute(RemoteWebElement.java:273)
	at org.openqa.selenium.remote.RemoteWebElement.click(RemoteWebElement.java:84)
	at Common.Gototab.execute(Gototab.java:25)
	at Common.Gototab.main(Gototab.java:11)
	at Teacher.UploadFile.upload_gradebook(UploadFile.java:34)
	at sun.reflect.GeneratedMethodAccessor3.invoke(Unknown Source)
	at sun.reflect.DelegatingMethodAccessorImpl.invoke(Unknown Source)
	at java.lang.reflect.Method.invoke(Unknown Source)
	at org.testng.internal.MethodInvocationHelper.invokeMethod(MethodInvocationHelper.java:86)
	at org.testng.internal.Invoker.invokeMethod(Invoker.java:646)
	at org.testng.internal.Invoker.invokeTestMethod(Invoker.java:823)
	at org.testng.internal.Invoker.invokeTestMethods(Invoker.java:1131)
	at org.testng.internal.TestMethodWorker.invokeTestMethods(TestMethodWorker.java:129)
	at org.testng.internal.TestMethodWorker.run(TestMethodWorker.java:112)
	at java.util.concurrent.ThreadPoolExecutor.runWorker(Unknown Source)
	at java.util.concurrent.ThreadPoolExecutor$Worker.run(Unknown Source)
	at java.lang.Thread.run(Unknown Source)
]]>
            </full-stacktrace>
          </exception> <!-- org.openqa.selenium.WebDriverException -->
          <reporter-output>
          </reporter-output>
        </test-method> <!-- upload_gradebook -->
      </class> <!-- Teacher.UploadFile -->
    </test> <!-- Upload  Set1OrSet2(DiffCountofQ)mm  -->
    <test name="Upload Set1OrSet2 mm" duration-ms="46332" started-at="2017-05-16T08:39:18Z" finished-at="2017-05-16T08:40:04Z">
      <class name="Common.ChangeSection">
        <test-method status="PASS" signature="selectSection(java.lang.String)[pri:0, instance:Common.ChangeSection@271053e1]" name="selectSection" duration-ms="45211" started-at="2017-05-16T14:09:18Z" finished-at="2017-05-16T14:10:03Z">
          <params>
            <param index="0">
              <value>
                <![CDATA[AutoTestingMM]]>
              </value>
            </param>
          </params>
          <reporter-output>
          </reporter-output>
        </test-method> <!-- selectSection -->
      </class> <!-- Common.ChangeSection -->
      <class name="Teacher.UploadFile">
        <test-method status="FAIL" signature="upload_gradebook(java.lang.String, java.lang.String)[pri:0, instance:Teacher.UploadFile@589838eb]" name="upload_gradebook" duration-ms="1119" started-at="2017-05-16T14:10:03Z" finished-at="2017-05-16T14:10:04Z">
          <params>
            <param index="0">
              <value>
                <![CDATA[Set1OrSet2]]>
              </value>
            </param>
            <param index="1">
              <value>
                <![CDATA[D:\AutoTestData_Chrome\Upload\OptionalQuestion\Set1OrSet2_Mayur Mulay_AutoTestingMM.xlsx]]>
              </value>
            </param>
          </params>
          <exception class="org.openqa.selenium.WebDriverException">
            <message>
              <![CDATA[unknown error: Element <span class="menu-title">...</span> is not clickable at point (91, 172). Other element would receive the click: <div class="ui-widget-overlay ui-front" style="z-index: 100;"></div>
  (Session info: chrome=57.0.2987.133)
  (Driver info: chromedriver=2.29.461591 (62ebf098771772160f391d75e589dc567915b233),platform=Windows NT 6.1.7601 SP1 x86_64) (WARNING: The server did not provide any stacktrace information)
Command duration or timeout: 18 milliseconds
Build info: version: '2.47.1', revision: '411b314', time: '2015-07-30 02:56:46'
System info: host: 'User-PC', ip: '192.168.2.12', os.name: 'Windows 7', os.arch: 'amd64', os.version: '6.1', java.version: '1.8.0_131'
Driver info: org.openqa.selenium.chrome.ChromeDriver
Capabilities [{applicationCacheEnabled=false, rotatable=false, mobileEmulationEnabled=false, networkConnectionEnabled=false, chrome={chromedriverVersion=2.29.461591 (62ebf098771772160f391d75e589dc567915b233), userDataDir=C:\Users\User\AppData\Local\Temp\scoped_dir4232_14968}, takesHeapSnapshot=true, pageLoadStrategy=normal, databaseEnabled=false, handlesAlerts=true, hasTouchScreen=false, version=57.0.2987.133, platform=XP, browserConnectionEnabled=false, nativeEvents=true, acceptSslCerts=true, locationContextEnabled=true, webStorageEnabled=true, browserName=chrome, takesScreenshot=true, javascriptEnabled=true, cssSelectorsEnabled=true, unexpectedAlertBehaviour=}]
Session ID: 8dbe4cfa43186d74239e1ade0506d065]]>
            </message>
            <full-stacktrace>
              <![CDATA[org.openqa.selenium.WebDriverException: unknown error: Element <span class="menu-title">...</span> is not clickable at point (91, 172). Other element would receive the click: <div class="ui-widget-overlay ui-front" style="z-index: 100;"></div>
  (Session info: chrome=57.0.2987.133)
  (Driver info: chromedriver=2.29.461591 (62ebf098771772160f391d75e589dc567915b233),platform=Windows NT 6.1.7601 SP1 x86_64) (WARNING: The server did not provide any stacktrace information)
Command duration or timeout: 18 milliseconds
Build info: version: '2.47.1', revision: '411b314', time: '2015-07-30 02:56:46'
System info: host: 'User-PC', ip: '192.168.2.12', os.name: 'Windows 7', os.arch: 'amd64', os.version: '6.1', java.version: '1.8.0_131'
Driver info: org.openqa.selenium.chrome.ChromeDriver
Capabilities [{applicationCacheEnabled=false, rotatable=false, mobileEmulationEnabled=false, networkConnectionEnabled=false, chrome={chromedriverVersion=2.29.461591 (62ebf098771772160f391d75e589dc567915b233), userDataDir=C:\Users\User\AppData\Local\Temp\scoped_dir4232_14968}, takesHeapSnapshot=true, pageLoadStrategy=normal, databaseEnabled=false, handlesAlerts=true, hasTouchScreen=false, version=57.0.2987.133, platform=XP, browserConnectionEnabled=false, nativeEvents=true, acceptSslCerts=true, locationContextEnabled=true, webStorageEnabled=true, browserName=chrome, takesScreenshot=true, javascriptEnabled=true, cssSelectorsEnabled=true, unexpectedAlertBehaviour=}]
Session ID: 8dbe4cfa43186d74239e1ade0506d065
	at sun.reflect.GeneratedConstructorAccessor15.newInstance(Unknown Source)
	at sun.reflect.DelegatingConstructorAccessorImpl.newInstance(Unknown Source)
	at java.lang.reflect.Constructor.newInstance(Unknown Source)
	at org.openqa.selenium.remote.ErrorHandler.createThrowable(ErrorHandler.java:206)
	at org.openqa.selenium.remote.ErrorHandler.throwIfResponseFailed(ErrorHandler.java:158)
	at org.openqa.selenium.remote.RemoteWebDriver.execute(RemoteWebDriver.java:595)
	at org.openqa.selenium.remote.RemoteWebElement.execute(RemoteWebElement.java:273)
	at org.openqa.selenium.remote.RemoteWebElement.click(RemoteWebElement.java:84)
	at Common.Gototab.execute(Gototab.java:25)
	at Common.Gototab.main(Gototab.java:11)
	at Teacher.UploadFile.upload_gradebook(UploadFile.java:34)
	at sun.reflect.GeneratedMethodAccessor3.invoke(Unknown Source)
	at sun.reflect.DelegatingMethodAccessorImpl.invoke(Unknown Source)
	at java.lang.reflect.Method.invoke(Unknown Source)
	at org.testng.internal.MethodInvocationHelper.invokeMethod(MethodInvocationHelper.java:86)
	at org.testng.internal.Invoker.invokeMethod(Invoker.java:646)
	at org.testng.internal.Invoker.invokeTestMethod(Invoker.java:823)
	at org.testng.internal.Invoker.invokeTestMethods(Invoker.java:1131)
	at org.testng.internal.TestMethodWorker.invokeTestMethods(TestMethodWorker.java:129)
	at org.testng.internal.TestMethodWorker.run(TestMethodWorker.java:112)
	at java.util.concurrent.ThreadPoolExecutor.runWorker(Unknown Source)
	at java.util.concurrent.ThreadPoolExecutor$Worker.run(Unknown Source)
	at java.lang.Thread.run(Unknown Source)
]]>
            </full-stacktrace>
          </exception> <!-- org.openqa.selenium.WebDriverException -->
          <reporter-output>
          </reporter-output>
        </test-method> <!-- upload_gradebook -->
      </class> <!-- Teacher.UploadFile -->
    </test> <!-- Upload Set1OrSet2 mm -->
    <test name="Set1OrSet2Set3Comp mm" duration-ms="46348" started-at="2017-05-16T08:40:04Z" finished-at="2017-05-16T08:40:50Z">
      <class name="Common.ChangeSection">
        <test-method status="PASS" signature="selectSection(java.lang.String)[pri:0, instance:Common.ChangeSection@2f686d1f]" name="selectSection" duration-ms="45233" started-at="2017-05-16T14:10:04Z" finished-at="2017-05-16T14:10:49Z">
          <params>
            <param index="0">
              <value>
                <![CDATA[AutoTestingMM]]>
              </value>
            </param>
          </params>
          <reporter-output>
          </reporter-output>
        </test-method> <!-- selectSection -->
      </class> <!-- Common.ChangeSection -->
      <class name="Teacher.UploadFile">
        <test-method status="FAIL" signature="upload_gradebook(java.lang.String, java.lang.String)[pri:0, instance:Teacher.UploadFile@3fee9989]" name="upload_gradebook" duration-ms="1112" started-at="2017-05-16T14:10:49Z" finished-at="2017-05-16T14:10:50Z">
          <params>
            <param index="0">
              <value>
                <![CDATA[Set1OrSet2Set3Comp]]>
              </value>
            </param>
            <param index="1">
              <value>
                <![CDATA[D:\AutoTestData_Chrome\Upload\OptionalQuestion\Set1OrSet2Set3Comp_Mayur Mulay_AutoTestingMM.xlsx]]>
              </value>
            </param>
          </params>
          <exception class="org.openqa.selenium.WebDriverException">
            <message>
              <![CDATA[unknown error: Element <span class="menu-title">...</span> is not clickable at point (91, 172). Other element would receive the click: <div class="ui-widget-overlay ui-front" style="z-index: 100;"></div>
  (Session info: chrome=57.0.2987.133)
  (Driver info: chromedriver=2.29.461591 (62ebf098771772160f391d75e589dc567915b233),platform=Windows NT 6.1.7601 SP1 x86_64) (WARNING: The server did not provide any stacktrace information)
Command duration or timeout: 18 milliseconds
Build info: version: '2.47.1', revision: '411b314', time: '2015-07-30 02:56:46'
System info: host: 'User-PC', ip: '192.168.2.12', os.name: 'Windows 7', os.arch: 'amd64', os.version: '6.1', java.version: '1.8.0_131'
Driver info: org.openqa.selenium.chrome.ChromeDriver
Capabilities [{applicationCacheEnabled=false, rotatable=false, mobileEmulationEnabled=false, networkConnectionEnabled=false, chrome={chromedriverVersion=2.29.461591 (62ebf098771772160f391d75e589dc567915b233), userDataDir=C:\Users\User\AppData\Local\Temp\scoped_dir4232_14968}, takesHeapSnapshot=true, pageLoadStrategy=normal, databaseEnabled=false, handlesAlerts=true, hasTouchScreen=false, version=57.0.2987.133, platform=XP, browserConnectionEnabled=false, nativeEvents=true, acceptSslCerts=true, locationContextEnabled=true, webStorageEnabled=true, browserName=chrome, takesScreenshot=true, javascriptEnabled=true, cssSelectorsEnabled=true, unexpectedAlertBehaviour=}]
Session ID: 8dbe4cfa43186d74239e1ade0506d065]]>
            </message>
            <full-stacktrace>
              <![CDATA[org.openqa.selenium.WebDriverException: unknown error: Element <span class="menu-title">...</span> is not clickable at point (91, 172). Other element would receive the click: <div class="ui-widget-overlay ui-front" style="z-index: 100;"></div>
  (Session info: chrome=57.0.2987.133)
  (Driver info: chromedriver=2.29.461591 (62ebf098771772160f391d75e589dc567915b233),platform=Windows NT 6.1.7601 SP1 x86_64) (WARNING: The server did not provide any stacktrace information)
Command duration or timeout: 18 milliseconds
Build info: version: '2.47.1', revision: '411b314', time: '2015-07-30 02:56:46'
System info: host: 'User-PC', ip: '192.168.2.12', os.name: 'Windows 7', os.arch: 'amd64', os.version: '6.1', java.version: '1.8.0_131'
Driver info: org.openqa.selenium.chrome.ChromeDriver
Capabilities [{applicationCacheEnabled=false, rotatable=false, mobileEmulationEnabled=false, networkConnectionEnabled=false, chrome={chromedriverVersion=2.29.461591 (62ebf098771772160f391d75e589dc567915b233), userDataDir=C:\Users\User\AppData\Local\Temp\scoped_dir4232_14968}, takesHeapSnapshot=true, pageLoadStrategy=normal, databaseEnabled=false, handlesAlerts=true, hasTouchScreen=false, version=57.0.2987.133, platform=XP, browserConnectionEnabled=false, nativeEvents=true, acceptSslCerts=true, locationContextEnabled=true, webStorageEnabled=true, browserName=chrome, takesScreenshot=true, javascriptEnabled=true, cssSelectorsEnabled=true, unexpectedAlertBehaviour=}]
Session ID: 8dbe4cfa43186d74239e1ade0506d065
	at sun.reflect.GeneratedConstructorAccessor15.newInstance(Unknown Source)
	at sun.reflect.DelegatingConstructorAccessorImpl.newInstance(Unknown Source)
	at java.lang.reflect.Constructor.newInstance(Unknown Source)
	at org.openqa.selenium.remote.ErrorHandler.createThrowable(ErrorHandler.java:206)
	at org.openqa.selenium.remote.ErrorHandler.throwIfResponseFailed(ErrorHandler.java:158)
	at org.openqa.selenium.remote.RemoteWebDriver.execute(RemoteWebDriver.java:595)
	at org.openqa.selenium.remote.RemoteWebElement.execute(RemoteWebElement.java:273)
	at org.openqa.selenium.remote.RemoteWebElement.click(RemoteWebElement.java:84)
	at Common.Gototab.execute(Gototab.java:25)
	at Common.Gototab.main(Gototab.java:11)
	at Teacher.UploadFile.upload_gradebook(UploadFile.java:34)
	at sun.reflect.GeneratedMethodAccessor3.invoke(Unknown Source)
	at sun.reflect.DelegatingMethodAccessorImpl.invoke(Unknown Source)
	at java.lang.reflect.Method.invoke(Unknown Source)
	at org.testng.internal.MethodInvocationHelper.invokeMethod(MethodInvocationHelper.java:86)
	at org.testng.internal.Invoker.invokeMethod(Invoker.java:646)
	at org.testng.internal.Invoker.invokeTestMethod(Invoker.java:823)
	at org.testng.internal.Invoker.invokeTestMethods(Invoker.java:1131)
	at org.testng.internal.TestMethodWorker.invokeTestMethods(TestMethodWorker.java:129)
	at org.testng.internal.TestMethodWorker.run(TestMethodWorker.java:112)
	at java.util.concurrent.ThreadPoolExecutor.runWorker(Unknown Source)
	at java.util.concurrent.ThreadPoolExecutor$Worker.run(Unknown Source)
	at java.lang.Thread.run(Unknown Source)
]]>
            </full-stacktrace>
          </exception> <!-- org.openqa.selenium.WebDriverException -->
          <reporter-output>
          </reporter-output>
        </test-method> <!-- upload_gradebook -->
      </class> <!-- Teacher.UploadFile -->
    </test> <!-- Set1OrSet2Set3Comp mm -->
    <test name="CloseBroser" duration-ms="1187" started-at="2017-05-16T08:40:50Z" finished-at="2017-05-16T08:40:52Z">
      <class name="Common.CloseBroser">
        <test-method status="PASS" signature="quit1()[pri:0, instance:Common.CloseBroser@5bcab519]" name="quit1" duration-ms="1186" started-at="2017-05-16T14:10:50Z" finished-at="2017-05-16T14:10:52Z">
          <reporter-output>
          </reporter-output>
        </test-method> <!-- quit1 -->
      </class> <!-- Common.CloseBroser -->
    </test> <!-- CloseBroser -->
    <test name="Validate Marks and CO attainment" duration-ms="2731973" started-at="2017-05-16T08:40:52Z" finished-at="2017-05-16T09:26:24Z">
      <class name="Teacher.ValidateAssignmentLevelCOAttainment">
        <test-method status="SKIP" signature="exicute(java.lang.String)[pri:0, instance:Teacher.ValidateAssignmentLevelCOAttainment@56ac3a89]" name="exicute" duration-ms="912910" started-at="2017-05-16T14:10:52Z" finished-at="2017-05-16T14:26:05Z">
          <params>
            <param index="0">
              <value>
                <![CDATA[OptionalAssignmentLevelCOattanmentValidation.csv]]>
              </value>
            </param>
          </params>
          <exception class="java.lang.AssertionError">
            <message>
              <![CDATA[Incorrect CO attainment for 'AutoCO3', '44'in assignmentLab - SetOptionalDiffCOExpected='AutoCO3', '44']]>
            </message>
            <full-stacktrace>
              <![CDATA[java.lang.AssertionError: Incorrect CO attainment for 'AutoCO3', '44'in assignmentLab - SetOptionalDiffCOExpected='AutoCO3', '44'
	at org.testng.Assert.fail(Assert.java:94)
	at Teacher.ValidateAssignmentLevelCOAttainment.exicute(ValidateAssignmentLevelCOAttainment.java:297)
	at sun.reflect.NativeMethodAccessorImpl.invoke0(Native Method)
	at sun.reflect.NativeMethodAccessorImpl.invoke(Unknown Source)
	at sun.reflect.DelegatingMethodAccessorImpl.invoke(Unknown Source)
	at java.lang.reflect.Method.invoke(Unknown Source)
	at org.testng.internal.MethodInvocationHelper.invokeMethod(MethodInvocationHelper.java:86)
	at org.testng.internal.Invoker.invokeMethod(Invoker.java:646)
	at org.testng.internal.Invoker.invokeTestMethod(Invoker.java:823)
	at org.testng.internal.Invoker.invokeTestMethods(Invoker.java:1131)
	at org.testng.internal.TestMethodWorker.invokeTestMethods(TestMethodWorker.java:129)
	at org.testng.internal.TestMethodWorker.run(TestMethodWorker.java:112)
	at java.util.concurrent.ThreadPoolExecutor.runWorker(Unknown Source)
	at java.util.concurrent.ThreadPoolExecutor$Worker.run(Unknown Source)
	at java.lang.Thread.run(Unknown Source)
]]>
            </full-stacktrace>
          </exception> <!-- java.lang.AssertionError -->
          <reporter-output>
          </reporter-output>
        </test-method> <!-- exicute -->
        <test-method status="SKIP" signature="exicute(java.lang.String)[pri:0, instance:Teacher.ValidateAssignmentLevelCOAttainment@56ac3a89]" name="exicute" duration-ms="906590" started-at="2017-05-16T14:26:05Z" finished-at="2017-05-16T14:41:11Z">
          <params>
            <param index="0">
              <value>
                <![CDATA[OptionalAssignmentLevelCOattanmentValidation.csv]]>
              </value>
            </param>
          </params>
          <exception class="java.lang.AssertionError">
            <message>
              <![CDATA[Incorrect CO attainment for 'AutoCO3', '44'in assignmentLab - SetOptionalDiffCOExpected='AutoCO3', '44']]>
            </message>
            <full-stacktrace>
              <![CDATA[java.lang.AssertionError: Incorrect CO attainment for 'AutoCO3', '44'in assignmentLab - SetOptionalDiffCOExpected='AutoCO3', '44'
	at org.testng.Assert.fail(Assert.java:94)
	at Teacher.ValidateAssignmentLevelCOAttainment.exicute(ValidateAssignmentLevelCOAttainment.java:297)
	at sun.reflect.NativeMethodAccessorImpl.invoke0(Native Method)
	at sun.reflect.NativeMethodAccessorImpl.invoke(Unknown Source)
	at sun.reflect.DelegatingMethodAccessorImpl.invoke(Unknown Source)
	at java.lang.reflect.Method.invoke(Unknown Source)
	at org.testng.internal.MethodInvocationHelper.invokeMethod(MethodInvocationHelper.java:86)
	at org.testng.internal.Invoker.invokeMethod(Invoker.java:646)
	at org.testng.internal.Invoker.retryFailed(Invoker.java:970)
	at org.testng.internal.Invoker.invokeTestMethods(Invoker.java:1149)
	at org.testng.internal.TestMethodWorker.invokeTestMethods(TestMethodWorker.java:129)
	at org.testng.internal.TestMethodWorker.run(TestMethodWorker.java:112)
	at java.util.concurrent.ThreadPoolExecutor.runWorker(Unknown Source)
	at java.util.concurrent.ThreadPoolExecutor$Worker.run(Unknown Source)
	at java.lang.Thread.run(Unknown Source)
]]>
            </full-stacktrace>
          </exception> <!-- java.lang.AssertionError -->
          <reporter-output>
          </reporter-output>
        </test-method> <!-- exicute -->
        <test-method status="FAIL" signature="exicute(java.lang.String)[pri:0, instance:Teacher.ValidateAssignmentLevelCOAttainment@56ac3a89]" name="exicute" duration-ms="912471" started-at="2017-05-16T14:41:11Z" finished-at="2017-05-16T14:56:24Z">
          <params>
            <param index="0">
              <value>
                <![CDATA[OptionalAssignmentLevelCOattanmentValidation.csv]]>
              </value>
            </param>
          </params>
          <exception class="java.lang.AssertionError">
            <message>
              <![CDATA[Incorrect CO attainment for 'AutoCO3', '44'in assignmentLab - SetOptionalDiffCOExpected='AutoCO3', '44']]>
            </message>
            <full-stacktrace>
              <![CDATA[java.lang.AssertionError: Incorrect CO attainment for 'AutoCO3', '44'in assignmentLab - SetOptionalDiffCOExpected='AutoCO3', '44'
	at org.testng.Assert.fail(Assert.java:94)
	at Teacher.ValidateAssignmentLevelCOAttainment.exicute(ValidateAssignmentLevelCOAttainment.java:297)
	at sun.reflect.NativeMethodAccessorImpl.invoke0(Native Method)
	at sun.reflect.NativeMethodAccessorImpl.invoke(Unknown Source)
	at sun.reflect.DelegatingMethodAccessorImpl.invoke(Unknown Source)
	at java.lang.reflect.Method.invoke(Unknown Source)
	at org.testng.internal.MethodInvocationHelper.invokeMethod(MethodInvocationHelper.java:86)
	at org.testng.internal.Invoker.invokeMethod(Invoker.java:646)
	at org.testng.internal.Invoker.retryFailed(Invoker.java:970)
	at org.testng.internal.Invoker.invokeTestMethods(Invoker.java:1149)
	at org.testng.internal.TestMethodWorker.invokeTestMethods(TestMethodWorker.java:129)
	at org.testng.internal.TestMethodWorker.run(TestMethodWorker.java:112)
	at java.util.concurrent.ThreadPoolExecutor.runWorker(Unknown Source)
	at java.util.concurrent.ThreadPoolExecutor$Worker.run(Unknown Source)
	at java.lang.Thread.run(Unknown Source)
]]>
            </full-stacktrace>
          </exception> <!-- java.lang.AssertionError -->
          <reporter-output>
          </reporter-output>
        </test-method> <!-- exicute -->
      </class> <!-- Teacher.ValidateAssignmentLevelCOAttainment -->
    </test> <!-- Validate Marks and CO attainment -->
    <test name="LaunchAppForChangePolicy" duration-ms="4534" started-at="2017-05-16T09:26:24Z" finished-at="2017-05-16T09:26:28Z">
      <class name="Common.LaunchApp">
        <test-method status="PASS" signature="Execute(java.lang.String)[pri:0, instance:Common.LaunchApp@5cb9f472]" name="Execute" duration-ms="4532" started-at="2017-05-16T14:56:24Z" finished-at="2017-05-16T14:56:28Z">
          <params>
            <param index="0">
              <value>
                <![CDATA[http://testing.inpods.com:88/]]>
              </value>
            </param>
          </params>
          <reporter-output>
          </reporter-output>
        </test-method> <!-- Execute -->
      </class> <!-- Common.LaunchApp -->
    </test> <!-- LaunchAppForChangePolicy -->
    <test name="Login1" duration-ms="13707" started-at="2017-05-16T09:26:28Z" finished-at="2017-05-16T09:26:42Z">
      <class name="Common.Login">
        <test-method status="PASS" signature="LoginD(java.lang.String, java.lang.String)[pri:0, instance:Common.Login@ff5b51f]" name="LoginD" duration-ms="13706" started-at="2017-05-16T14:56:28Z" finished-at="2017-05-16T14:56:42Z">
          <params>
            <param index="0">
              <value>
                <![CDATA[inpodssa@sar.com]]>
              </value>
            </param>
            <param index="1">
              <value>
                <![CDATA[techone]]>
              </value>
            </param>
          </params>
          <reporter-output>
          </reporter-output>
        </test-method> <!-- LoginD -->
      </class> <!-- Common.Login -->
    </test> <!-- Login1 -->
    <test name="Reset policy Select Section" duration-ms="16062" started-at="2017-05-16T09:26:42Z" finished-at="2017-05-16T09:26:58Z">
      <class name="Tech.TechChangeSection">
        <test-method status="SKIP" signature="TechChangeSection(java.lang.String, java.lang.String, java.lang.String)[pri:0, instance:Tech.TechChangeSection@73846619]" name="TechChangeSection" duration-ms="0" started-at="2017-05-16T14:56:42Z" finished-at="2017-05-16T14:56:42Z">
          <exception class="org.testng.TestNGException">
            <message>
              <![CDATA[
Parameter 'TestData' is required by @Test on method TechChangeSection but has not been marked @Optional or defined
in D:\Xml_to_Run\OptQuestionMarksUpload.xml]]>
            </message>
            <full-stacktrace>
              <![CDATA[org.testng.TestNGException: 
Parameter 'TestData' is required by @Test on method TechChangeSection but has not been marked @Optional or defined
in D:\Xml_to_Run\OptQuestionMarksUpload.xml
	at org.testng.internal.Parameters.createParameters(Parameters.java:154)
	at org.testng.internal.Parameters.createParameters(Parameters.java:361)
	at org.testng.internal.Parameters.handleParameters(Parameters.java:451)
	at org.testng.internal.Invoker.handleParameters(Invoker.java:1243)
	at org.testng.internal.Invoker.createParameters(Invoker.java:992)
	at org.testng.internal.Invoker.invokeTestMethods(Invoker.java:1082)
	at org.testng.internal.TestMethodWorker.invokeTestMethods(TestMethodWorker.java:129)
	at org.testng.internal.TestMethodWorker.run(TestMethodWorker.java:112)
	at java.util.concurrent.ThreadPoolExecutor.runWorker(Unknown Source)
	at java.util.concurrent.ThreadPoolExecutor$Worker.run(Unknown Source)
	at java.lang.Thread.run(Unknown Source)
]]>
            </full-stacktrace>
          </exception> <!-- org.testng.TestNGException -->
          <reporter-output>
          </reporter-output>
        </test-method> <!-- TechChangeSection -->
        <test-method status="PASS" signature="TechChangeSectionById(java.lang.String)[pri:0, instance:Tech.TechChangeSection@73846619]" name="TechChangeSectionById" duration-ms="16061" started-at="2017-05-16T14:56:42Z" finished-at="2017-05-16T14:56:58Z">
          <params>
            <param index="0">
              <value>
                <![CDATA[1]]>
              </value>
            </param>
          </params>
          <reporter-output>
          </reporter-output>
        </test-method> <!-- TechChangeSectionById -->
      </class> <!-- Tech.TechChangeSection -->
    </test> <!-- Reset policy Select Section -->
    <test name="Reset policy IsNotAttempted" duration-ms="39586" started-at="2017-05-16T09:26:58Z" finished-at="2017-05-16T09:27:38Z">
      <class name="Tech.ChangePolicy">
        <test-method status="PASS" signature="ChangePolicyByName(java.lang.String, java.lang.String)[pri:0, instance:Tech.ChangePolicy@5025a98f]" name="ChangePolicyByName" duration-ms="39585" started-at="2017-05-16T14:56:58Z" finished-at="2017-05-16T14:57:38Z">
          <params>
            <param index="0">
              <value>
                <![CDATA[IsNotAttempted]]>
              </value>
            </param>
            <param index="1">
              <value>
                <![CDATA[True]]>
              </value>
            </param>
          </params>
          <reporter-output>
          </reporter-output>
        </test-method> <!-- ChangePolicyByName -->
      </class> <!-- Tech.ChangePolicy -->
    </test> <!-- Reset policy IsNotAttempted -->
    <test name="Reset policy_IsNotStarted" duration-ms="37919" started-at="2017-05-16T09:27:38Z" finished-at="2017-05-16T09:28:15Z">
      <class name="Tech.ChangePolicy">
        <test-method status="PASS" signature="ChangePolicyByName(java.lang.String, java.lang.String)[pri:0, instance:Tech.ChangePolicy@55d56113]" name="ChangePolicyByName" duration-ms="37913" started-at="2017-05-16T14:57:38Z" finished-at="2017-05-16T14:58:15Z">
          <params>
            <param index="0">
              <value>
                <![CDATA[IsNotStarted]]>
              </value>
            </param>
            <param index="1">
              <value>
                <![CDATA[True]]>
              </value>
            </param>
          </params>
          <reporter-output>
          </reporter-output>
        </test-method> <!-- ChangePolicyByName -->
      </class> <!-- Tech.ChangePolicy -->
    </test> <!-- Reset policy_IsNotStarted -->
    <test name="Reset policy_IsNotSubmitted" duration-ms="35847" started-at="2017-05-16T09:28:15Z" finished-at="2017-05-16T09:28:51Z">
      <class name="Tech.ChangePolicy">
        <test-method status="PASS" signature="ChangePolicyByName(java.lang.String, java.lang.String)[pri:0, instance:Tech.ChangePolicy@617faa95]" name="ChangePolicyByName" duration-ms="35845" started-at="2017-05-16T14:58:15Z" finished-at="2017-05-16T14:58:51Z">
          <params>
            <param index="0">
              <value>
                <![CDATA[IsNotSubmitted]]>
              </value>
            </param>
            <param index="1">
              <value>
                <![CDATA[True]]>
              </value>
            </param>
          </params>
          <reporter-output>
          </reporter-output>
        </test-method> <!-- ChangePolicyByName -->
      </class> <!-- Tech.ChangePolicy -->
    </test> <!-- Reset policy_IsNotSubmitted -->
    <test name="CloseBroserAfterReset policy" duration-ms="1184" started-at="2017-05-16T09:28:51Z" finished-at="2017-05-16T09:28:53Z">
      <class name="Common.CloseBroser">
        <test-method status="PASS" signature="quit1()[pri:0, instance:Common.CloseBroser@544fe44c]" name="quit1" duration-ms="1183" started-at="2017-05-16T14:58:51Z" finished-at="2017-05-16T14:58:53Z">
          <reporter-output>
          </reporter-output>
        </test-method> <!-- quit1 -->
      </class> <!-- Common.CloseBroser -->
    </test> <!-- CloseBroserAfterReset policy -->
  </suite> <!-- OptQuestionMarksUpload -->
</testng-results>
