<?xml version="1.0" encoding="UTF-8"?>
<!-- Generated by org.testng.reporters.JUnitReportReporter -->
<testsuite hostname="User-PC" name="Teacher.Lesson" tests="11" failures="1" timestamp="9 Mar 2017 06:12:57 GMT" time="2099.262" errors="0">
  <testcase name="CreateLesson" time="44.922" classname="Teacher.Lesson"/>
  <testcase name="CreateLesson" time="112.975" classname="Teacher.Lesson"/>
  <testcase name="CreateLesson" time="72.653" classname="Teacher.Lesson"/>
  <testcase name="CreateLesson" time="128.355" classname="Teacher.Lesson"/>
  <testcase name="CreateLesson" time="1427.460" classname="Teacher.Lesson">
    <failure type="java.lang.AssertionError" message="Not able to create the lesson Upload_Video">
      <![CDATA[java.lang.AssertionError: Not able to create the lesson Upload_Video
	at org.testng.Assert.fail(Assert.java:94)
	at Teacher.Lesson.CreateLesson(Lesson.java:144)
	at sun.reflect.NativeMethodAccessorImpl.invoke0(Native Method)
	at sun.reflect.NativeMethodAccessorImpl.invoke(Unknown Source)
	at sun.reflect.DelegatingMethodAccessorImpl.invoke(Unknown Source)
	at java.lang.reflect.Method.invoke(Unknown Source)
	at org.testng.internal.MethodInvocationHelper.invokeMethod(MethodInvocationHelper.java:86)
	at org.testng.internal.Invoker.invokeMethod(Invoker.java:646)
	at org.testng.internal.Invoker.invokeTestMethod(Invoker.java:823)
	at org.testng.internal.Invoker.invokeTestMethods(Invoker.java:1131)
	at org.testng.internal.TestMethodWorker.invokeTestMethods(TestMethodWorker.java:129)
	at org.testng.internal.TestMethodWorker.run(TestMethodWorker.java:112)
	at java.util.concurrent.ThreadPoolExecutor.runWorker(Unknown Source)
	at java.util.concurrent.ThreadPoolExecutor$Worker.run(Unknown Source)
	at java.lang.Thread.run(Unknown Source)
]]>
    </failure>
  </testcase> <!-- CreateLesson -->
  <testcase name="CreateLesson" time="28.006" classname="Teacher.Lesson"/>
  <testcase name="CreateLesson" time="47.143" classname="Teacher.Lesson"/>
  <testcase name="CreateLesson" time="70.163" classname="Teacher.Lesson"/>
  <testcase name="CreateLesson" time="66.730" classname="Teacher.Lesson"/>
  <testcase name="CreateLesson" time="72.789" classname="Teacher.Lesson"/>
  <testcase name="CreateLesson" time="28.066" classname="Teacher.Lesson"/>
</testsuite> <!-- Teacher.Lesson -->
