<?xml version="1.0" encoding="UTF-8"?>
<!-- Generated by org.testng.reporters.JUnitReportReporter -->
<testsuite hostname="INPOD" name="Teacher.CreateRandomAssignment" tests="1" failures="0" timestamp="12 Aug 2016 12:12:16 GMT" time="0.000" errors="1">
  <testcase name="CreateRandomAssignment1" time="0.000" classname="Teacher.CreateRandomAssignment">
    <error type="org.testng.TestNGException" message="
Parameter &#039;Assname&#039; is required by @Test on method CreateRandomAssignment1 but has not been marked @Optional or defined
in D:\InpodsAutomation\WebAPITesting\src\Common\testng.xml">
      <![CDATA[org.testng.TestNGException: 
Parameter 'Assname' is required by @Test on method CreateRandomAssignment1 but has not been marked @Optional or defined
in D:\InpodsAutomation\WebAPITesting\src\Common\testng.xml
	at org.testng.internal.Parameters.createParameters(Parameters.java:154)
	at org.testng.internal.Parameters.createParameters(Parameters.java:361)
	at org.testng.internal.Parameters.handleParameters(Parameters.java:451)
	at org.testng.internal.Invoker.handleParameters(Invoker.java:1243)
	at org.testng.internal.Invoker.createParameters(Invoker.java:992)
	at org.testng.internal.Invoker.invokeTestMethods(Invoker.java:1082)
	at org.testng.internal.TestMethodWorker.invokeTestMethods(TestMethodWorker.java:129)
	at org.testng.internal.TestMethodWorker.run(TestMethodWorker.java:112)
	at java.util.concurrent.ThreadPoolExecutor.runWorker(Unknown Source)
	at java.util.concurrent.ThreadPoolExecutor$Worker.run(Unknown Source)
	at java.lang.Thread.run(Unknown Source)
]]>
    </error>
  </testcase> <!-- CreateRandomAssignment1 -->
</testsuite> <!-- Teacher.CreateRandomAssignment -->
